#! /opt/homebrew/Cellar/icarus-verilog/12.0/bin/vvp
:ivl_version "12.0 (stable)";
:ivl_delay_selection "TYPICAL";
:vpi_time_precision + 0;
:vpi_module "/opt/homebrew/Cellar/icarus-verilog/12.0/lib/ivl/system.vpi";
:vpi_module "/opt/homebrew/Cellar/icarus-verilog/12.0/lib/ivl/vhdl_sys.vpi";
:vpi_module "/opt/homebrew/Cellar/icarus-verilog/12.0/lib/ivl/vhdl_textio.vpi";
:vpi_module "/opt/homebrew/Cellar/icarus-verilog/12.0/lib/ivl/v2005_math.vpi";
:vpi_module "/opt/homebrew/Cellar/icarus-verilog/12.0/lib/ivl/va_math.vpi";
S_0x151e0a0c0 .scope module, "pktmux_tb" "pktmux_tb" 2 21;
 .timescale 0 0;
P_0x151e0b700 .param/l "CLK_PULSE" 1 2 39, +C4<00000000000000000000000001100100>;
P_0x151e0b740 .param/l "RUNNING_CYCLES" 1 2 39, +C4<00000000000000000000000000001101>;
v0x151e28c50_0 .var "clk", 0 0;
v0x151e28ce0_0 .var "mgln_pkt", 0 0;
v0x151e28da0_0 .var "msg_len", 63 0;
v0x151e28e70_0 .net "out", 63 0, v0x151e28590_0;  1 drivers
v0x151e28f20_0 .var "pad_pkt", 0 0;
v0x151e28ff0_0 .var "pkt", 63 0;
v0x151e290a0_0 .var "zero_pkt", 0 0;
S_0x151e07570 .scope module, "pktmux_inst" "pktmux" 2 30, 2 1 0, S_0x151e0a0c0;
 .timescale 0 0;
    .port_info 0 /INPUT 64 "pkt";
    .port_info 1 /INPUT 64 "msg_len";
    .port_info 2 /INPUT 1 "pad_pkt";
    .port_info 3 /INPUT 1 "zero_pkt";
    .port_info 4 /INPUT 1 "mgln_pkt";
    .port_info 5 /OUTPUT 64 "o";
P_0x151e0aae0 .param/l "w" 0 2 2, +C4<00000000000000000000000001000000>;
v0x151e076e0_0 .net "mgln_pkt", 0 0, v0x151e28ce0_0;  1 drivers
v0x151e284f0_0 .net "msg_len", 63 0, v0x151e28da0_0;  1 drivers
v0x151e28590_0 .var "o", 63 0;
v0x151e28620_0 .var "pad", 63 0;
v0x151e286b0_0 .net "pad_pkt", 0 0, v0x151e28f20_0;  1 drivers
v0x151e28780_0 .net "pkt", 63 0, v0x151e28ff0_0;  1 drivers
v0x151e28820_0 .var "zero", 63 0;
v0x151e288d0_0 .net "zero_pkt", 0 0, v0x151e290a0_0;  1 drivers
E_0x151e0a4a0/0 .event anyedge, v0x151e286b0_0, v0x151e28620_0, v0x151e288d0_0, v0x151e28820_0;
E_0x151e0a4a0/1 .event anyedge, v0x151e076e0_0, v0x151e284f0_0, v0x151e28780_0;
E_0x151e0a4a0 .event/or E_0x151e0a4a0/0, E_0x151e0a4a0/1;
S_0x151e28a00 .scope task, "urand64" "urand64" 2 48, 2 48 0, S_0x151e0a0c0;
 .timescale 0 0;
v0x151e28bc0_0 .var "r", 63 0;
TD_pktmux_tb.urand64 ;
    %vpi_func 2 50 "$urandom" 32 {0 0 0};
    %ix/load 4, 32, 0;
    %flag_set/imm 4, 0;
    %store/vec4 v0x151e28bc0_0, 4, 32;
    %vpi_func 2 51 "$urandom" 32 {0 0 0};
    %ix/load 4, 0, 0;
    %flag_set/imm 4, 0;
    %store/vec4 v0x151e28bc0_0, 4, 32;
    %end;
    .scope S_0x151e07570;
T_1 ;
    %pushi/vec4 0, 0, 64;
    %store/vec4 v0x151e28820_0, 0, 64;
    %pushi/vec4 2147483648, 0, 32;
    %concati/vec4 0, 0, 32;
    %store/vec4 v0x151e28620_0, 0, 64;
    %end;
    .thread T_1;
    .scope S_0x151e07570;
T_2 ;
    %wait E_0x151e0a4a0;
    %load/vec4 v0x151e286b0_0;
    %flag_set/vec4 8;
    %jmp/0xz  T_2.0, 8;
    %load/vec4 v0x151e28620_0;
    %store/vec4 v0x151e28590_0, 0, 64;
    %jmp T_2.1;
T_2.0 ;
    %load/vec4 v0x151e288d0_0;
    %flag_set/vec4 8;
    %jmp/0xz  T_2.2, 8;
    %load/vec4 v0x151e28820_0;
    %store/vec4 v0x151e28590_0, 0, 64;
    %jmp T_2.3;
T_2.2 ;
    %load/vec4 v0x151e076e0_0;
    %flag_set/vec4 8;
    %jmp/0xz  T_2.4, 8;
    %load/vec4 v0x151e284f0_0;
    %store/vec4 v0x151e28590_0, 0, 64;
    %jmp T_2.5;
T_2.4 ;
    %load/vec4 v0x151e28780_0;
    %store/vec4 v0x151e28590_0, 0, 64;
T_2.5 ;
T_2.3 ;
T_2.1 ;
    %jmp T_2;
    .thread T_2, $push;
    .scope S_0x151e0a0c0;
T_3 ;
    %pushi/vec4 0, 0, 1;
    %store/vec4 v0x151e28c50_0, 0, 1;
    %pushi/vec4 13, 0, 32;
T_3.0 %dup/vec4;
    %pushi/vec4 0, 0, 32;
    %cmp/s;
    %jmp/1xz T_3.1, 5;
    %jmp/1 T_3.1, 4;
    %pushi/vec4 1, 0, 32;
    %sub;
    %delay 100, 0;
    %load/vec4 v0x151e28c50_0;
    %inv;
    %store/vec4 v0x151e28c50_0, 0, 1;
    %jmp T_3.0;
T_3.1 ;
    %pop/vec4 1;
    %end;
    .thread T_3;
    .scope S_0x151e0a0c0;
T_4 ;
    %pushi/vec4 13, 0, 32;
T_4.0 %dup/vec4;
    %pushi/vec4 0, 0, 32;
    %cmp/s;
    %jmp/1xz T_4.1, 5;
    %jmp/1 T_4.1, 4;
    %pushi/vec4 1, 0, 32;
    %sub;
    %fork TD_pktmux_tb.urand64, S_0x151e28a00;
    %join;
    %load/vec4 v0x151e28bc0_0;
    %store/vec4 v0x151e28ff0_0, 0, 64;
    %fork TD_pktmux_tb.urand64, S_0x151e28a00;
    %join;
    %load/vec4 v0x151e28bc0_0;
    %store/vec4 v0x151e28da0_0, 0, 64;
    %delay 100, 0;
    %jmp T_4.0;
T_4.1 ;
    %pop/vec4 1;
    %end;
    .thread T_4;
    .scope S_0x151e0a0c0;
T_5 ;
    %vpi_call 2 65 "$display", "pad | zero | mgln | pkt | msg_len" {0 0 0};
    %vpi_call 2 66 "$monitor", " %b  |  %b  | %b  |  %x | %x | %x", v0x151e28f20_0, v0x151e290a0_0, v0x151e28ce0_0, v0x151e28ff0_0, v0x151e28da0_0, v0x151e28e70_0 {0 0 0};
    %pushi/vec4 0, 0, 1;
    %store/vec4 v0x151e28f20_0, 0, 1;
    %pushi/vec4 0, 0, 1;
    %store/vec4 v0x151e290a0_0, 0, 1;
    %pushi/vec4 0, 0, 1;
    %store/vec4 v0x151e28ce0_0, 0, 1;
    %delay 100, 0;
    %pushi/vec4 1, 0, 1;
    %store/vec4 v0x151e28f20_0, 0, 1;
    %pushi/vec4 0, 0, 1;
    %store/vec4 v0x151e290a0_0, 0, 1;
    %pushi/vec4 0, 0, 1;
    %store/vec4 v0x151e28ce0_0, 0, 1;
    %delay 100, 0;
    %pushi/vec4 0, 0, 1;
    %store/vec4 v0x151e28f20_0, 0, 1;
    %pushi/vec4 1, 0, 1;
    %store/vec4 v0x151e290a0_0, 0, 1;
    %pushi/vec4 0, 0, 1;
    %store/vec4 v0x151e28ce0_0, 0, 1;
    %delay 100, 0;
    %pushi/vec4 0, 0, 1;
    %store/vec4 v0x151e28f20_0, 0, 1;
    %pushi/vec4 0, 0, 1;
    %store/vec4 v0x151e290a0_0, 0, 1;
    %pushi/vec4 1, 0, 1;
    %store/vec4 v0x151e28ce0_0, 0, 1;
    %delay 100, 0;
    %pushi/vec4 0, 0, 1;
    %store/vec4 v0x151e28f20_0, 0, 1;
    %pushi/vec4 0, 0, 1;
    %store/vec4 v0x151e290a0_0, 0, 1;
    %pushi/vec4 0, 0, 1;
    %store/vec4 v0x151e28ce0_0, 0, 1;
    %delay 100, 0;
    %pushi/vec4 1, 0, 1;
    %store/vec4 v0x151e28f20_0, 0, 1;
    %pushi/vec4 0, 0, 1;
    %store/vec4 v0x151e290a0_0, 0, 1;
    %pushi/vec4 0, 0, 1;
    %store/vec4 v0x151e28ce0_0, 0, 1;
    %delay 100, 0;
    %pushi/vec4 0, 0, 1;
    %store/vec4 v0x151e28f20_0, 0, 1;
    %pushi/vec4 1, 0, 1;
    %store/vec4 v0x151e290a0_0, 0, 1;
    %pushi/vec4 0, 0, 1;
    %store/vec4 v0x151e28ce0_0, 0, 1;
    %delay 100, 0;
    %pushi/vec4 0, 0, 1;
    %store/vec4 v0x151e28f20_0, 0, 1;
    %pushi/vec4 0, 0, 1;
    %store/vec4 v0x151e290a0_0, 0, 1;
    %pushi/vec4 1, 0, 1;
    %store/vec4 v0x151e28ce0_0, 0, 1;
    %delay 100, 0;
    %pushi/vec4 0, 0, 1;
    %store/vec4 v0x151e28f20_0, 0, 1;
    %pushi/vec4 0, 0, 1;
    %store/vec4 v0x151e290a0_0, 0, 1;
    %pushi/vec4 0, 0, 1;
    %store/vec4 v0x151e28ce0_0, 0, 1;
    %delay 100, 0;
    %pushi/vec4 1, 0, 1;
    %store/vec4 v0x151e28f20_0, 0, 1;
    %pushi/vec4 0, 0, 1;
    %store/vec4 v0x151e290a0_0, 0, 1;
    %pushi/vec4 0, 0, 1;
    %store/vec4 v0x151e28ce0_0, 0, 1;
    %delay 100, 0;
    %pushi/vec4 0, 0, 1;
    %store/vec4 v0x151e28f20_0, 0, 1;
    %pushi/vec4 1, 0, 1;
    %store/vec4 v0x151e290a0_0, 0, 1;
    %pushi/vec4 0, 0, 1;
    %store/vec4 v0x151e28ce0_0, 0, 1;
    %delay 100, 0;
    %pushi/vec4 0, 0, 1;
    %store/vec4 v0x151e28f20_0, 0, 1;
    %pushi/vec4 0, 0, 1;
    %store/vec4 v0x151e290a0_0, 0, 1;
    %pushi/vec4 1, 0, 1;
    %store/vec4 v0x151e28ce0_0, 0, 1;
    %delay 100, 0;
    %pushi/vec4 0, 0, 1;
    %store/vec4 v0x151e28f20_0, 0, 1;
    %pushi/vec4 0, 0, 1;
    %store/vec4 v0x151e290a0_0, 0, 1;
    %pushi/vec4 0, 0, 1;
    %store/vec4 v0x151e28ce0_0, 0, 1;
    %end;
    .thread T_5;
# The file index is used to find the file name in the following table.
:file_names 3;
    "N/A";
    "<interactive>";
    "pktmux.v";
