#! /opt/homebrew/Cellar/icarus-verilog/12.0/bin/vvp
:ivl_version "12.0 (stable)";
:ivl_delay_selection "TYPICAL";
:vpi_time_precision + 0;
:vpi_module "/opt/homebrew/Cellar/icarus-verilog/12.0/lib/ivl/system.vpi";
:vpi_module "/opt/homebrew/Cellar/icarus-verilog/12.0/lib/ivl/vhdl_sys.vpi";
:vpi_module "/opt/homebrew/Cellar/icarus-verilog/12.0/lib/ivl/vhdl_textio.vpi";
:vpi_module "/opt/homebrew/Cellar/icarus-verilog/12.0/lib/ivl/v2005_math.vpi";
:vpi_module "/opt/homebrew/Cellar/icarus-verilog/12.0/lib/ivl/va_math.vpi";
S_0x130709130 .scope module, "patt_tb" "patt_tb" 2 49;
 .timescale 0 0;
P_0x130710970 .param/l "CLK_PERIOD" 1 2 61, +C4<00000000000000000000000001100100>;
P_0x1307109b0 .param/l "RST_DURATION" 1 2 68, +C4<00000000000000000000000000011001>;
P_0x1307109f0 .param/l "RUNNING_CYCLES" 1 2 61, +C4<00000000000000000000000000000111>;
v0x130721030_0 .var "clk", 0 0;
v0x1307210d0_0 .var "in", 0 0;
v0x130721180_0 .net "out", 0 0, v0x130720dc0_0;  1 drivers
v0x130721250_0 .var "rst_b", 0 0;
S_0x130705570 .scope module, "cut" "patt" 2 54, 2 1 0, S_0x130709130;
 .timescale 0 0;
    .port_info 0 /INPUT 1 "clk";
    .port_info 1 /INPUT 1 "rst_b";
    .port_info 2 /INPUT 1 "in";
    .port_info 3 /OUTPUT 1 "out";
P_0x1307056e0 .param/l "S0_ST" 0 2 6, C4<000>;
P_0x130705720 .param/l "S1_ST" 0 2 7, C4<001>;
P_0x130705760 .param/l "S2_ST" 0 2 8, C4<010>;
P_0x1307057a0 .param/l "S3_ST" 0 2 9, C4<011>;
P_0x1307057e0 .param/l "S4_ST" 0 2 10, C4<100>;
v0x1307092a0_0 .net "clk", 0 0, v0x130721030_0;  1 drivers
v0x130720c60_0 .net "in", 0 0, v0x1307210d0_0;  1 drivers
v0x130720d00_0 .var "next_state", 2 0;
v0x130720dc0_0 .var "out", 0 0;
v0x130720e60_0 .net "rst_b", 0 0, v0x130721250_0;  1 drivers
v0x130720f40_0 .var "state", 2 0;
E_0x1307068f0/0 .event negedge, v0x130720e60_0;
E_0x1307068f0/1 .event posedge, v0x1307092a0_0;
E_0x1307068f0 .event/or E_0x1307068f0/0, E_0x1307068f0/1;
E_0x130706a10 .event anyedge, v0x130720f40_0, v0x130720c60_0;
    .scope S_0x130705570;
T_0 ;
    %wait E_0x130706a10;
    %load/vec4 v0x130720f40_0;
    %dup/vec4;
    %pushi/vec4 0, 0, 3;
    %cmp/u;
    %jmp/1 T_0.0, 6;
    %dup/vec4;
    %pushi/vec4 1, 0, 3;
    %cmp/u;
    %jmp/1 T_0.1, 6;
    %dup/vec4;
    %pushi/vec4 2, 0, 3;
    %cmp/u;
    %jmp/1 T_0.2, 6;
    %dup/vec4;
    %pushi/vec4 3, 0, 3;
    %cmp/u;
    %jmp/1 T_0.3, 6;
    %dup/vec4;
    %pushi/vec4 4, 0, 3;
    %cmp/u;
    %jmp/1 T_0.4, 6;
    %jmp T_0.5;
T_0.0 ;
    %load/vec4 v0x130720c60_0;
    %flag_set/vec4 8;
    %jmp/0 T_0.6, 8;
    %pushi/vec4 1, 0, 3;
    %jmp/1 T_0.7, 8;
T_0.6 ; End of true expr.
    %pushi/vec4 0, 0, 3;
    %jmp/0 T_0.7, 8;
 ; End of false expr.
    %blend;
T_0.7;
    %store/vec4 v0x130720d00_0, 0, 3;
    %jmp T_0.5;
T_0.1 ;
    %load/vec4 v0x130720c60_0;
    %flag_set/vec4 8;
    %jmp/0 T_0.8, 8;
    %pushi/vec4 1, 0, 3;
    %jmp/1 T_0.9, 8;
T_0.8 ; End of true expr.
    %pushi/vec4 2, 0, 3;
    %jmp/0 T_0.9, 8;
 ; End of false expr.
    %blend;
T_0.9;
    %store/vec4 v0x130720d00_0, 0, 3;
    %jmp T_0.5;
T_0.2 ;
    %load/vec4 v0x130720c60_0;
    %flag_set/vec4 8;
    %jmp/0 T_0.10, 8;
    %pushi/vec4 3, 0, 3;
    %jmp/1 T_0.11, 8;
T_0.10 ; End of true expr.
    %pushi/vec4 0, 0, 3;
    %jmp/0 T_0.11, 8;
 ; End of false expr.
    %blend;
T_0.11;
    %store/vec4 v0x130720d00_0, 0, 3;
    %jmp T_0.5;
T_0.3 ;
    %load/vec4 v0x130720c60_0;
    %flag_set/vec4 8;
    %jmp/0 T_0.12, 8;
    %pushi/vec4 4, 0, 3;
    %jmp/1 T_0.13, 8;
T_0.12 ; End of true expr.
    %pushi/vec4 0, 0, 3;
    %jmp/0 T_0.13, 8;
 ; End of false expr.
    %blend;
T_0.13;
    %store/vec4 v0x130720d00_0, 0, 3;
    %jmp T_0.5;
T_0.4 ;
    %load/vec4 v0x130720c60_0;
    %flag_set/vec4 8;
    %jmp/0 T_0.14, 8;
    %pushi/vec4 1, 0, 3;
    %jmp/1 T_0.15, 8;
T_0.14 ; End of true expr.
    %pushi/vec4 0, 0, 3;
    %jmp/0 T_0.15, 8;
 ; End of false expr.
    %blend;
T_0.15;
    %store/vec4 v0x130720d00_0, 0, 3;
    %jmp T_0.5;
T_0.5 ;
    %pop/vec4 1;
    %jmp T_0;
    .thread T_0, $push;
    .scope S_0x130705570;
T_1 ;
    %wait E_0x130706a10;
    %pushi/vec4 0, 0, 1;
    %store/vec4 v0x130720dc0_0, 0, 1;
    %load/vec4 v0x130720f40_0;
    %dup/vec4;
    %pushi/vec4 3, 0, 3;
    %cmp/u;
    %jmp/1 T_1.0, 6;
    %pushi/vec4 0, 0, 1;
    %store/vec4 v0x130720dc0_0, 0, 1;
    %jmp T_1.2;
T_1.0 ;
    %load/vec4 v0x130720c60_0;
    %store/vec4 v0x130720dc0_0, 0, 1;
    %jmp T_1.2;
T_1.2 ;
    %pop/vec4 1;
    %jmp T_1;
    .thread T_1, $push;
    .scope S_0x130705570;
T_2 ;
    %wait E_0x1307068f0;
    %load/vec4 v0x130720e60_0;
    %nor/r;
    %flag_set/vec4 8;
    %jmp/0xz  T_2.0, 8;
    %pushi/vec4 0, 0, 3;
    %assign/vec4 v0x130720f40_0, 0;
    %jmp T_2.1;
T_2.0 ;
    %load/vec4 v0x130720d00_0;
    %assign/vec4 v0x130720f40_0, 0;
T_2.1 ;
    %jmp T_2;
    .thread T_2;
    .scope S_0x130709130;
T_3 ;
    %pushi/vec4 0, 0, 1;
    %store/vec4 v0x130721030_0, 0, 1;
    %pushi/vec4 14, 0, 32;
T_3.0 %dup/vec4;
    %pushi/vec4 0, 0, 32;
    %cmp/s;
    %jmp/1xz T_3.1, 5;
    %jmp/1 T_3.1, 4;
    %pushi/vec4 1, 0, 32;
    %sub;
    %delay 50, 0;
    %load/vec4 v0x130721030_0;
    %inv;
    %store/vec4 v0x130721030_0, 0, 1;
    %jmp T_3.0;
T_3.1 ;
    %pop/vec4 1;
    %end;
    .thread T_3;
    .scope S_0x130709130;
T_4 ;
    %pushi/vec4 0, 0, 1;
    %store/vec4 v0x130721250_0, 0, 1;
    %delay 25, 0;
    %load/vec4 v0x130721250_0;
    %inv;
    %store/vec4 v0x130721250_0, 0, 1;
    %end;
    .thread T_4;
    .scope S_0x130709130;
T_5 ;
    %vpi_call 2 76 "$display", "clk | rst | in | out" {0 0 0};
    %vpi_call 2 77 "$monitor", " %b  |  %b  | %b  |  %b", v0x130721030_0, v0x130721250_0, v0x1307210d0_0, v0x130721180_0 {0 0 0};
    %pushi/vec4 1, 0, 1;
    %store/vec4 v0x1307210d0_0, 0, 1;
    %delay 100, 0;
    %pushi/vec4 0, 0, 1;
    %store/vec4 v0x1307210d0_0, 0, 1;
    %delay 100, 0;
    %pushi/vec4 1, 0, 1;
    %store/vec4 v0x1307210d0_0, 0, 1;
    %delay 200, 0;
    %pushi/vec4 0, 0, 1;
    %store/vec4 v0x1307210d0_0, 0, 1;
    %delay 100, 0;
    %pushi/vec4 1, 0, 1;
    %store/vec4 v0x1307210d0_0, 0, 1;
    %end;
    .thread T_5;
# The file index is used to find the file name in the following table.
:file_names 3;
    "N/A";
    "<interactive>";
    "patt.v";
