#! /opt/homebrew/Cellar/icarus-verilog/12.0/bin/vvp
:ivl_version "12.0 (stable)";
:ivl_delay_selection "TYPICAL";
:vpi_time_precision + 0;
:vpi_module "/opt/homebrew/Cellar/icarus-verilog/12.0/lib/ivl/system.vpi";
:vpi_module "/opt/homebrew/Cellar/icarus-verilog/12.0/lib/ivl/vhdl_sys.vpi";
:vpi_module "/opt/homebrew/Cellar/icarus-verilog/12.0/lib/ivl/vhdl_textio.vpi";
:vpi_module "/opt/homebrew/Cellar/icarus-verilog/12.0/lib/ivl/v2005_math.vpi";
:vpi_module "/opt/homebrew/Cellar/icarus-verilog/12.0/lib/ivl/va_math.vpi";
S_0x14560c270 .scope module, "sadd_tb" "sadd_tb" 2 66;
 .timescale 0 0;
P_0x145614c00 .param/l "CLK_PERIOD" 1 2 79, +C4<00000000000000000000000001100100>;
P_0x145614c40 .param/l "RST_DURATION" 1 2 86, +C4<00000000000000000000000000011001>;
P_0x145614c80 .param/l "RUNNING_CYCLES" 1 2 79, +C4<00000000000000000000000000000100>;
v0x145625250_0 .var "clk", 0 0;
v0x145625300_0 .net "out", 0 0, v0x145624e60_0;  1 drivers
v0x145625390_0 .var "rst_b", 0 0;
v0x145625440_0 .var "x", 0 0;
v0x1456254f0_0 .var "y", 0 0;
S_0x14560c3e0 .scope module, "cut" "sadd" 2 71, 2 1 0, S_0x14560c270;
 .timescale 0 0;
    .port_info 0 /INPUT 1 "clk";
    .port_info 1 /INPUT 1 "rst_b";
    .port_info 2 /INPUT 1 "x";
    .port_info 3 /INPUT 1 "y";
    .port_info 4 /OUTPUT 1 "out";
P_0x14560db20 .param/l "S0_ST" 1 2 7, C4<0>;
P_0x14560db60 .param/l "S1_ST" 1 2 8, C4<1>;
v0x145607530_0 .net "clk", 0 0, v0x145625250_0;  1 drivers
v0x145624dc0_0 .var "next_state", 0 0;
v0x145624e60_0 .var "out", 0 0;
v0x145624f10_0 .net "rst_b", 0 0, v0x145625390_0;  1 drivers
v0x145624fb0_0 .var "state", 0 0;
v0x145625090_0 .net "x", 0 0, v0x145625440_0;  1 drivers
v0x145625130_0 .net "y", 0 0, v0x1456254f0_0;  1 drivers
E_0x145607e10/0 .event negedge, v0x145624f10_0;
E_0x145607e10/1 .event posedge, v0x145607530_0;
E_0x145607e10 .event/or E_0x145607e10/0, E_0x145607e10/1;
E_0x145608000 .event anyedge, v0x145624fb0_0, v0x145625090_0, v0x145625130_0;
    .scope S_0x14560c3e0;
T_0 ;
    %wait E_0x145608000;
    %load/vec4 v0x145624fb0_0;
    %dup/vec4;
    %pushi/vec4 0, 0, 1;
    %cmp/u;
    %jmp/1 T_0.0, 6;
    %dup/vec4;
    %pushi/vec4 1, 0, 1;
    %cmp/u;
    %jmp/1 T_0.1, 6;
    %jmp T_0.2;
T_0.0 ;
    %load/vec4 v0x145625090_0;
    %load/vec4 v0x145625130_0;
    %concat/vec4; draw_concat_vec4
    %dup/vec4;
    %pushi/vec4 0, 0, 2;
    %cmp/u;
    %jmp/1 T_0.3, 6;
    %dup/vec4;
    %pushi/vec4 1, 0, 2;
    %cmp/u;
    %jmp/1 T_0.4, 6;
    %dup/vec4;
    %pushi/vec4 2, 0, 2;
    %cmp/u;
    %jmp/1 T_0.5, 6;
    %dup/vec4;
    %pushi/vec4 3, 0, 2;
    %cmp/u;
    %jmp/1 T_0.6, 6;
    %jmp T_0.7;
T_0.3 ;
    %pushi/vec4 0, 0, 1;
    %store/vec4 v0x145624dc0_0, 0, 1;
    %jmp T_0.7;
T_0.4 ;
    %pushi/vec4 0, 0, 1;
    %store/vec4 v0x145624dc0_0, 0, 1;
    %jmp T_0.7;
T_0.5 ;
    %pushi/vec4 0, 0, 1;
    %store/vec4 v0x145624dc0_0, 0, 1;
    %jmp T_0.7;
T_0.6 ;
    %pushi/vec4 1, 0, 1;
    %store/vec4 v0x145624dc0_0, 0, 1;
    %jmp T_0.7;
T_0.7 ;
    %pop/vec4 1;
    %jmp T_0.2;
T_0.1 ;
    %load/vec4 v0x145625090_0;
    %load/vec4 v0x145625130_0;
    %concat/vec4; draw_concat_vec4
    %dup/vec4;
    %pushi/vec4 0, 0, 2;
    %cmp/u;
    %jmp/1 T_0.8, 6;
    %dup/vec4;
    %pushi/vec4 1, 0, 2;
    %cmp/u;
    %jmp/1 T_0.9, 6;
    %dup/vec4;
    %pushi/vec4 2, 0, 2;
    %cmp/u;
    %jmp/1 T_0.10, 6;
    %dup/vec4;
    %pushi/vec4 3, 0, 2;
    %cmp/u;
    %jmp/1 T_0.11, 6;
    %jmp T_0.12;
T_0.8 ;
    %pushi/vec4 0, 0, 1;
    %store/vec4 v0x145624dc0_0, 0, 1;
    %jmp T_0.12;
T_0.9 ;
    %pushi/vec4 1, 0, 1;
    %store/vec4 v0x145624dc0_0, 0, 1;
    %jmp T_0.12;
T_0.10 ;
    %pushi/vec4 1, 0, 1;
    %store/vec4 v0x145624dc0_0, 0, 1;
    %jmp T_0.12;
T_0.11 ;
    %pushi/vec4 1, 0, 1;
    %store/vec4 v0x145624dc0_0, 0, 1;
    %jmp T_0.12;
T_0.12 ;
    %pop/vec4 1;
    %jmp T_0.2;
T_0.2 ;
    %pop/vec4 1;
    %jmp T_0;
    .thread T_0, $push;
    .scope S_0x14560c3e0;
T_1 ;
    %wait E_0x145608000;
    %pushi/vec4 0, 0, 1;
    %store/vec4 v0x145624e60_0, 0, 1;
    %load/vec4 v0x145624fb0_0;
    %dup/vec4;
    %pushi/vec4 0, 0, 1;
    %cmp/u;
    %jmp/1 T_1.0, 6;
    %dup/vec4;
    %pushi/vec4 1, 0, 1;
    %cmp/u;
    %jmp/1 T_1.1, 6;
    %jmp T_1.2;
T_1.0 ;
    %load/vec4 v0x145625090_0;
    %load/vec4 v0x145625130_0;
    %concat/vec4; draw_concat_vec4
    %dup/vec4;
    %pushi/vec4 0, 0, 2;
    %cmp/u;
    %jmp/1 T_1.3, 6;
    %dup/vec4;
    %pushi/vec4 1, 0, 2;
    %cmp/u;
    %jmp/1 T_1.4, 6;
    %dup/vec4;
    %pushi/vec4 2, 0, 2;
    %cmp/u;
    %jmp/1 T_1.5, 6;
    %dup/vec4;
    %pushi/vec4 3, 0, 2;
    %cmp/u;
    %jmp/1 T_1.6, 6;
    %jmp T_1.7;
T_1.3 ;
    %pushi/vec4 0, 0, 1;
    %store/vec4 v0x145624e60_0, 0, 1;
    %jmp T_1.7;
T_1.4 ;
    %pushi/vec4 1, 0, 1;
    %store/vec4 v0x145624e60_0, 0, 1;
    %jmp T_1.7;
T_1.5 ;
    %pushi/vec4 1, 0, 1;
    %store/vec4 v0x145624e60_0, 0, 1;
    %jmp T_1.7;
T_1.6 ;
    %pushi/vec4 0, 0, 1;
    %store/vec4 v0x145624e60_0, 0, 1;
    %jmp T_1.7;
T_1.7 ;
    %pop/vec4 1;
    %jmp T_1.2;
T_1.1 ;
    %load/vec4 v0x145625090_0;
    %load/vec4 v0x145625130_0;
    %concat/vec4; draw_concat_vec4
    %dup/vec4;
    %pushi/vec4 0, 0, 2;
    %cmp/u;
    %jmp/1 T_1.8, 6;
    %dup/vec4;
    %pushi/vec4 1, 0, 2;
    %cmp/u;
    %jmp/1 T_1.9, 6;
    %dup/vec4;
    %pushi/vec4 2, 0, 2;
    %cmp/u;
    %jmp/1 T_1.10, 6;
    %dup/vec4;
    %pushi/vec4 3, 0, 2;
    %cmp/u;
    %jmp/1 T_1.11, 6;
    %jmp T_1.12;
T_1.8 ;
    %pushi/vec4 1, 0, 1;
    %store/vec4 v0x145624e60_0, 0, 1;
    %jmp T_1.12;
T_1.9 ;
    %pushi/vec4 0, 0, 1;
    %store/vec4 v0x145624e60_0, 0, 1;
    %jmp T_1.12;
T_1.10 ;
    %pushi/vec4 0, 0, 1;
    %store/vec4 v0x145624e60_0, 0, 1;
    %jmp T_1.12;
T_1.11 ;
    %pushi/vec4 1, 0, 1;
    %store/vec4 v0x145624e60_0, 0, 1;
    %jmp T_1.12;
T_1.12 ;
    %pop/vec4 1;
    %jmp T_1.2;
T_1.2 ;
    %pop/vec4 1;
    %jmp T_1;
    .thread T_1, $push;
    .scope S_0x14560c3e0;
T_2 ;
    %wait E_0x145607e10;
    %load/vec4 v0x145624f10_0;
    %nor/r;
    %flag_set/vec4 8;
    %jmp/0xz  T_2.0, 8;
    %pushi/vec4 0, 0, 1;
    %assign/vec4 v0x145624fb0_0, 0;
    %jmp T_2.1;
T_2.0 ;
    %load/vec4 v0x145624dc0_0;
    %assign/vec4 v0x145624fb0_0, 0;
T_2.1 ;
    %jmp T_2;
    .thread T_2;
    .scope S_0x14560c270;
T_3 ;
    %pushi/vec4 0, 0, 1;
    %store/vec4 v0x145625250_0, 0, 1;
    %pushi/vec4 8, 0, 32;
T_3.0 %dup/vec4;
    %pushi/vec4 0, 0, 32;
    %cmp/s;
    %jmp/1xz T_3.1, 5;
    %jmp/1 T_3.1, 4;
    %pushi/vec4 1, 0, 32;
    %sub;
    %delay 50, 0;
    %load/vec4 v0x145625250_0;
    %inv;
    %store/vec4 v0x145625250_0, 0, 1;
    %jmp T_3.0;
T_3.1 ;
    %pop/vec4 1;
    %end;
    .thread T_3;
    .scope S_0x14560c270;
T_4 ;
    %pushi/vec4 0, 0, 1;
    %store/vec4 v0x145625390_0, 0, 1;
    %delay 25, 0;
    %load/vec4 v0x145625390_0;
    %inv;
    %store/vec4 v0x145625390_0, 0, 1;
    %end;
    .thread T_4;
    .scope S_0x14560c270;
T_5 ;
    %vpi_call 2 94 "$display", "clk | rst | x | y | out" {0 0 0};
    %vpi_call 2 95 "$monitor", " %b  |  %b  | %b | %b | %b", v0x145625250_0, v0x145625390_0, v0x145625440_0, v0x1456254f0_0, v0x145625300_0 {0 0 0};
    %pushi/vec4 0, 0, 1;
    %store/vec4 v0x145625440_0, 0, 1;
    %pushi/vec4 1, 0, 1;
    %store/vec4 v0x1456254f0_0, 0, 1;
    %delay 100, 0;
    %pushi/vec4 1, 0, 1;
    %store/vec4 v0x145625440_0, 0, 1;
    %delay 100, 0;
    %pushi/vec4 0, 0, 1;
    %store/vec4 v0x1456254f0_0, 0, 1;
    %delay 100, 0;
    %pushi/vec4 0, 0, 1;
    %store/vec4 v0x145625440_0, 0, 1;
    %end;
    .thread T_5;
# The file index is used to find the file name in the following table.
:file_names 3;
    "N/A";
    "<interactive>";
    "sadd.v";
