#! /opt/homebrew/Cellar/icarus-verilog/12.0/bin/vvp
:ivl_version "12.0 (stable)";
:ivl_delay_selection "TYPICAL";
:vpi_time_precision + 0;
:vpi_module "/opt/homebrew/Cellar/icarus-verilog/12.0/lib/ivl/system.vpi";
:vpi_module "/opt/homebrew/Cellar/icarus-verilog/12.0/lib/ivl/vhdl_sys.vpi";
:vpi_module "/opt/homebrew/Cellar/icarus-verilog/12.0/lib/ivl/vhdl_textio.vpi";
:vpi_module "/opt/homebrew/Cellar/icarus-verilog/12.0/lib/ivl/v2005_math.vpi";
:vpi_module "/opt/homebrew/Cellar/icarus-verilog/12.0/lib/ivl/va_math.vpi";
S_0x12d704360 .scope module, "prod_tb" "prod_tb" 2 28;
 .timescale 0 0;
P_0x12d7044d0 .param/l "CLK_COUNT" 1 2 41, +C4<00000000000000000000000001100100>;
P_0x12d704510 .param/l "CLK_PERIOD" 1 2 41, +C4<00000000000000000000000001100100>;
P_0x12d704550 .param/l "RST_PULSE" 1 2 41, +C4<00000000000000000000000000011001>;
v0x11d605360_0 .var "clk", 0 0;
v0x11d605420_0 .var "counter", 7 0;
v0x11d6054c0_0 .net "data", 7 0, v0x11d605030_0;  1 drivers
v0x11d605590_0 .var "rst_b", 0 0;
v0x11d605640_0 .net "val", 0 0, v0x11d605240_0;  1 drivers
E_0x12d7045d0 .event posedge, v0x11d604f80_0;
S_0x12d7046d0 .scope module, "uut" "prod" 2 33, 2 1 0, S_0x12d704360;
 .timescale 0 0;
    .port_info 0 /INPUT 1 "clk";
    .port_info 1 /INPUT 1 "rst_b";
    .port_info 2 /OUTPUT 8 "data";
    .port_info 3 /OUTPUT 1 "val";
v0x11d604f80_0 .net "clk", 0 0, v0x11d605360_0;  1 drivers
v0x11d605030_0 .var "data", 7 0;
v0x11d6050e0_0 .net "rst_b", 0 0, v0x11d605590_0;  1 drivers
v0x11d605190_0 .var "temp_data", 7 0;
v0x11d605240_0 .var "val", 0 0;
E_0x12d7048f0/0 .event negedge, v0x11d6050e0_0;
E_0x12d7048f0/1 .event posedge, v0x11d604f80_0;
E_0x12d7048f0 .event/or E_0x12d7048f0/0, E_0x12d7048f0/1;
S_0x12d704940 .scope task, "generate_rand" "generate_rand" 2 9, 2 9 0, S_0x12d7046d0;
 .timescale 0 0;
v0x12d704b10_0 .var "x", 7 0;
TD_prod_tb.uut.generate_rand ;
    %vpi_func 2 10 "$urandom" 32 {0 0 0};
    %pushi/vec4 6, 0, 32;
    %mod;
    %pad/u 8;
    %store/vec4 v0x12d704b10_0, 0, 8;
    %end;
    .scope S_0x12d7046d0;
T_1 ;
    %wait E_0x12d7048f0;
    %load/vec4 v0x11d6050e0_0;
    %inv;
    %flag_set/vec4 8;
    %jmp/0xz  T_1.0, 8;
    %pushi/vec4 0, 0, 8;
    %assign/vec4 v0x11d605030_0, 0;
    %pushi/vec4 0, 0, 1;
    %assign/vec4 v0x11d605240_0, 0;
    %jmp T_1.1;
T_1.0 ;
    %fork TD_prod_tb.uut.generate_rand, S_0x12d704940;
    %join;
    %load/vec4 v0x12d704b10_0;
    %store/vec4 v0x11d605190_0, 0, 8;
    %load/vec4 v0x11d605190_0;
    %assign/vec4 v0x11d605030_0, 0;
    %pushi/vec4 1, 0, 1;
    %assign/vec4 v0x11d605240_0, 0;
T_1.1 ;
    %jmp T_1;
    .thread T_1;
    .scope S_0x12d704360;
T_2 ;
    %pushi/vec4 0, 0, 8;
    %store/vec4 v0x11d605420_0, 0, 8;
    %end;
    .thread T_2;
    .scope S_0x12d704360;
T_3 ;
    %pushi/vec4 0, 0, 1;
    %store/vec4 v0x11d605360_0, 0, 1;
    %pushi/vec4 200, 0, 32;
T_3.0 %dup/vec4;
    %pushi/vec4 0, 0, 32;
    %cmp/s;
    %jmp/1xz T_3.1, 5;
    %jmp/1 T_3.1, 4;
    %pushi/vec4 1, 0, 32;
    %sub;
    %delay 50, 0;
    %load/vec4 v0x11d605360_0;
    %inv;
    %store/vec4 v0x11d605360_0, 0, 1;
    %jmp T_3.0;
T_3.1 ;
    %pop/vec4 1;
    %end;
    .thread T_3;
    .scope S_0x12d704360;
T_4 ;
    %pushi/vec4 0, 0, 1;
    %store/vec4 v0x11d605590_0, 0, 1;
    %delay 25, 0;
    %pushi/vec4 1, 0, 1;
    %store/vec4 v0x11d605590_0, 0, 1;
    %end;
    .thread T_4;
    .scope S_0x12d704360;
T_5 ;
    %wait E_0x12d7045d0;
    %load/vec4 v0x11d605420_0;
    %addi 1, 0, 8;
    %assign/vec4 v0x11d605420_0, 0;
    %jmp T_5;
    .thread T_5;
    .scope S_0x12d704360;
T_6 ;
    %vpi_call 2 64 "$display", "COUNTER | DATA | VAL" {0 0 0};
    %vpi_call 2 65 "$monitor", "%d | %h | %b", v0x11d605420_0, v0x11d6054c0_0, v0x11d605640_0 {0 0 0};
    %end;
    .thread T_6;
# The file index is used to find the file name in the following table.
:file_names 3;
    "N/A";
    "<interactive>";
    "prod.v";
