#! /opt/homebrew/Cellar/icarus-verilog/12.0/bin/vvp
:ivl_version "12.0 (stable)";
:ivl_delay_selection "TYPICAL";
:vpi_time_precision + 0;
:vpi_module "/opt/homebrew/Cellar/icarus-verilog/12.0/lib/ivl/system.vpi";
:vpi_module "/opt/homebrew/Cellar/icarus-verilog/12.0/lib/ivl/vhdl_sys.vpi";
:vpi_module "/opt/homebrew/Cellar/icarus-verilog/12.0/lib/ivl/vhdl_textio.vpi";
:vpi_module "/opt/homebrew/Cellar/icarus-verilog/12.0/lib/ivl/v2005_math.vpi";
:vpi_module "/opt/homebrew/Cellar/icarus-verilog/12.0/lib/ivl/va_math.vpi";
S_0x1406053a0 .scope module, "mux_4_1_tb" "mux_4_1_tb" 2 27;
 .timescale 0 0;
v0x60000139d200_0 .var "d0", 3 0;
v0x60000139d290_0 .var "d1", 3 0;
v0x60000139d320_0 .var "d2", 3 0;
v0x60000139d3b0_0 .var "d3", 3 0;
v0x60000139d440_0 .var/i "k", 31 0;
v0x60000139d4d0_0 .net "o", 3 0, L_0x60000109c500;  1 drivers
v0x60000139d560_0 .var "s", 1 0;
S_0x140605510 .scope module, "dut" "mux_4_1" 2 33, 2 2 0, S_0x1406053a0;
 .timescale 0 0;
    .port_info 0 /INPUT 2 "sel";
    .port_info 1 /INPUT 4 "d0";
    .port_info 2 /INPUT 4 "d1";
    .port_info 3 /INPUT 4 "d2";
    .port_info 4 /INPUT 4 "d3";
    .port_info 5 /OUTPUT 4 "out";
P_0x60000349e3c0 .param/l "width" 0 2 3, +C4<00000000000000000000000000000100>;
v0x60000139c990_0 .net *"_ivl_1", 0 0, L_0x60000109c0a0;  1 drivers
v0x60000139ca20_0 .net *"_ivl_10", 3 0, L_0x60000109c320;  1 drivers
v0x60000139cab0_0 .net *"_ivl_12", 3 0, L_0x60000109c3c0;  1 drivers
v0x60000139cb40_0 .net *"_ivl_14", 3 0, L_0x60000109c460;  1 drivers
v0x60000139cbd0_0 .net *"_ivl_3", 0 0, L_0x60000109c140;  1 drivers
v0x60000139cc60_0 .net *"_ivl_5", 0 0, L_0x60000109c1e0;  1 drivers
v0x60000139ccf0_0 .net *"_ivl_7", 0 0, L_0x60000109c280;  1 drivers
o0x148040220 .functor BUFZ 4, C4<zzzz>; HiZ drive
; Elide local net with no drivers, v0x60000139cd80_0 name=_ivl_8
v0x60000139ce10_0 .net "d0", 3 0, v0x60000139d200_0;  1 drivers
v0x60000139cea0_0 .net "d1", 3 0, v0x60000139d290_0;  1 drivers
v0x60000139cf30_0 .net "d2", 3 0, v0x60000139d320_0;  1 drivers
v0x60000139cfc0_0 .net "d3", 3 0, v0x60000139d3b0_0;  1 drivers
v0x60000139d050_0 .net "enable", 3 0, v0x60000139c870_0;  1 drivers
v0x60000139d0e0_0 .net "out", 3 0, L_0x60000109c500;  alias, 1 drivers
v0x60000139d170_0 .net "sel", 1 0, v0x60000139d560_0;  1 drivers
L_0x60000109c0a0 .part v0x60000139c870_0, 0, 1;
L_0x60000109c140 .part v0x60000139c870_0, 1, 1;
L_0x60000109c1e0 .part v0x60000139c870_0, 2, 1;
L_0x60000109c280 .part v0x60000139c870_0, 3, 1;
L_0x60000109c320 .functor MUXZ 4, o0x148040220, v0x60000139d3b0_0, L_0x60000109c280, C4<>;
L_0x60000109c3c0 .functor MUXZ 4, L_0x60000109c320, v0x60000139d320_0, L_0x60000109c1e0, C4<>;
L_0x60000109c460 .functor MUXZ 4, L_0x60000109c3c0, v0x60000139d290_0, L_0x60000109c140, C4<>;
L_0x60000109c500 .functor MUXZ 4, L_0x60000109c460, v0x60000139d200_0, L_0x60000109c0a0, C4<>;
S_0x1406077a0 .scope module, "dec" "decoder_2_4" 2 13, 2 57 0, S_0x140605510;
 .timescale 0 0;
    .port_info 0 /INPUT 2 "sel";
    .port_info 1 /OUTPUT 4 "out";
v0x60000139c870_0 .var "out", 3 0;
v0x60000139c900_0 .net "sel", 1 0, v0x60000139d560_0;  alias, 1 drivers
E_0x60000349e440 .event anyedge, v0x60000139c900_0;
    .scope S_0x1406077a0;
T_0 ;
    %wait E_0x60000349e440;
    %load/vec4 v0x60000139c900_0;
    %dup/vec4;
    %pushi/vec4 0, 0, 2;
    %cmp/u;
    %jmp/1 T_0.0, 6;
    %dup/vec4;
    %pushi/vec4 1, 0, 2;
    %cmp/u;
    %jmp/1 T_0.1, 6;
    %dup/vec4;
    %pushi/vec4 2, 0, 2;
    %cmp/u;
    %jmp/1 T_0.2, 6;
    %dup/vec4;
    %pushi/vec4 3, 0, 2;
    %cmp/u;
    %jmp/1 T_0.3, 6;
    %pushi/vec4 0, 0, 4;
    %store/vec4 v0x60000139c870_0, 0, 4;
    %jmp T_0.5;
T_0.0 ;
    %pushi/vec4 1, 0, 4;
    %store/vec4 v0x60000139c870_0, 0, 4;
    %jmp T_0.5;
T_0.1 ;
    %pushi/vec4 2, 0, 4;
    %store/vec4 v0x60000139c870_0, 0, 4;
    %jmp T_0.5;
T_0.2 ;
    %pushi/vec4 4, 0, 4;
    %store/vec4 v0x60000139c870_0, 0, 4;
    %jmp T_0.5;
T_0.3 ;
    %pushi/vec4 8, 0, 4;
    %store/vec4 v0x60000139c870_0, 0, 4;
    %jmp T_0.5;
T_0.5 ;
    %pop/vec4 1;
    %jmp T_0;
    .thread T_0, $push;
    .scope S_0x1406053a0;
T_1 ;
    %pushi/vec4 5, 0, 4;
    %store/vec4 v0x60000139d200_0, 0, 4;
    %pushi/vec4 15, 0, 4;
    %store/vec4 v0x60000139d290_0, 0, 4;
    %pushi/vec4 0, 0, 4;
    %store/vec4 v0x60000139d320_0, 0, 4;
    %pushi/vec4 12, 0, 4;
    %store/vec4 v0x60000139d3b0_0, 0, 4;
    %vpi_call 2 49 "$display", "Time d0   d1   d2   d3   s   o" {0 0 0};
    %vpi_call 2 50 "$monitor", "%0t\011%b %b %b %b %b\011%b", $time, v0x60000139d200_0, v0x60000139d290_0, v0x60000139d320_0, v0x60000139d3b0_0, v0x60000139d560_0, v0x60000139d4d0_0 {0 0 0};
    %pushi/vec4 0, 0, 2;
    %store/vec4 v0x60000139d560_0, 0, 2;
    %pushi/vec4 1, 0, 32;
    %store/vec4 v0x60000139d440_0, 0, 32;
T_1.0 ;
    %load/vec4 v0x60000139d440_0;
    %cmpi/s 4, 0, 32;
    %jmp/0xz T_1.1, 5;
    %delay 10, 0;
    %load/vec4 v0x60000139d440_0;
    %pad/s 2;
    %store/vec4 v0x60000139d560_0, 0, 2;
    %load/vec4 v0x60000139d440_0;
    %addi 1, 0, 32;
    %store/vec4 v0x60000139d440_0, 0, 32;
    %jmp T_1.0;
T_1.1 ;
    %end;
    .thread T_1;
# The file index is used to find the file name in the following table.
:file_names 3;
    "N/A";
    "<interactive>";
    "mux_4_1.v";
