#! /opt/homebrew/Cellar/icarus-verilog/12.0/bin/vvp
:ivl_version "12.0 (stable)";
:ivl_delay_selection "TYPICAL";
:vpi_time_precision + 0;
:vpi_module "/opt/homebrew/Cellar/icarus-verilog/12.0/lib/ivl/system.vpi";
:vpi_module "/opt/homebrew/Cellar/icarus-verilog/12.0/lib/ivl/vhdl_sys.vpi";
:vpi_module "/opt/homebrew/Cellar/icarus-verilog/12.0/lib/ivl/vhdl_textio.vpi";
:vpi_module "/opt/homebrew/Cellar/icarus-verilog/12.0/lib/ivl/v2005_math.vpi";
:vpi_module "/opt/homebrew/Cellar/icarus-verilog/12.0/lib/ivl/va_math.vpi";
S_0x15be06360 .scope module, "tb_counter" "tb_counter" 2 25;
 .timescale 0 0;
P_0x600001330780 .param/l "count_max" 0 2 30, C4<0101>;
P_0x6000013307c0 .param/l "init_value" 0 2 29, C4<00000000>;
P_0x600001330800 .param/l "width" 0 2 28, +C4<00000000000000000000000000000100>;
v0x6000014302d0_0 .var "c_up", 0 0;
v0x600001430360_0 .var "clear", 0 0;
v0x6000014303f0_0 .var "clk", 0 0;
v0x600001430480_0 .net "q", 3 0, v0x6000014301b0_0;  1 drivers
v0x600001430510_0 .var "rst_b", 0 0;
S_0x15be06660 .scope module, "cut" "counter" 2 44, 2 1 0, S_0x15be06360;
 .timescale 0 0;
    .port_info 0 /INPUT 1 "clk";
    .port_info 1 /INPUT 1 "rst_b";
    .port_info 2 /INPUT 1 "c_up";
    .port_info 3 /INPUT 1 "clear";
    .port_info 4 /OUTPUT 4 "q";
P_0x600001330840 .param/l "count_max" 0 2 4, C4<0101>;
P_0x600001330880 .param/l "init_value" 0 2 3, C4<00000000>;
P_0x6000013308c0 .param/l "width" 0 2 2, +C4<00000000000000000000000000000100>;
v0x600001430000_0 .net "c_up", 0 0, v0x6000014302d0_0;  1 drivers
v0x600001430090_0 .net "clear", 0 0, v0x600001430360_0;  1 drivers
v0x600001430120_0 .net "clk", 0 0, v0x6000014303f0_0;  1 drivers
v0x6000014301b0_0 .var "q", 3 0;
v0x600001430240_0 .net "rst_b", 0 0, v0x600001430510_0;  1 drivers
E_0x600003331c80/0 .event negedge, v0x600001430240_0;
E_0x600003331c80/1 .event posedge, v0x600001430120_0;
E_0x600003331c80 .event/or E_0x600003331c80/0, E_0x600003331c80/1;
    .scope S_0x15be06660;
T_0 ;
    %wait E_0x600003331c80;
    %load/vec4 v0x600001430240_0;
    %inv;
    %flag_set/vec4 8;
    %jmp/1 T_0.2, 8;
    %load/vec4 v0x600001430090_0;
    %flag_set/vec4 9;
    %flag_or 8, 9;
T_0.2;
    %jmp/0xz  T_0.0, 8;
    %pushi/vec4 0, 0, 4;
    %assign/vec4 v0x6000014301b0_0, 0;
    %jmp T_0.1;
T_0.0 ;
    %load/vec4 v0x600001430000_0;
    %flag_set/vec4 8;
    %jmp/0xz  T_0.3, 8;
    %load/vec4 v0x6000014301b0_0;
    %pad/u 32;
    %cmpi/e 4, 0, 32;
    %jmp/0xz  T_0.5, 4;
    %pushi/vec4 0, 0, 4;
    %assign/vec4 v0x6000014301b0_0, 0;
    %jmp T_0.6;
T_0.5 ;
    %load/vec4 v0x6000014301b0_0;
    %addi 1, 0, 4;
    %assign/vec4 v0x6000014301b0_0, 0;
T_0.6 ;
T_0.3 ;
T_0.1 ;
    %jmp T_0;
    .thread T_0;
    .scope S_0x15be06360;
T_1 ;
    %delay 5, 0;
    %load/vec4 v0x6000014303f0_0;
    %inv;
    %store/vec4 v0x6000014303f0_0, 0, 1;
    %jmp T_1;
    .thread T_1;
    .scope S_0x15be06360;
T_2 ;
    %vpi_call 2 57 "$display", "c_up clr | q" {0 0 0};
    %vpi_call 2 58 "$monitor", "%b    %b | %h", v0x6000014302d0_0, v0x600001430360_0, v0x600001430480_0 {0 0 0};
    %pushi/vec4 0, 0, 1;
    %store/vec4 v0x6000014303f0_0, 0, 1;
    %pushi/vec4 1, 0, 1;
    %store/vec4 v0x600001430510_0, 0, 1;
    %pushi/vec4 0, 0, 1;
    %store/vec4 v0x6000014302d0_0, 0, 1;
    %pushi/vec4 0, 0, 1;
    %store/vec4 v0x600001430360_0, 0, 1;
    %delay 10, 0;
    %pushi/vec4 0, 0, 1;
    %store/vec4 v0x600001430510_0, 0, 1;
    %delay 10, 0;
    %pushi/vec4 1, 0, 1;
    %store/vec4 v0x600001430510_0, 0, 1;
    %delay 10, 0;
    %pushi/vec4 1, 0, 1;
    %store/vec4 v0x6000014302d0_0, 0, 1;
    %delay 50, 0;
    %pushi/vec4 0, 0, 1;
    %store/vec4 v0x6000014302d0_0, 0, 1;
    %delay 100, 0;
    %pushi/vec4 1, 0, 1;
    %store/vec4 v0x600001430360_0, 0, 1;
    %delay 10, 0;
    %pushi/vec4 0, 0, 1;
    %store/vec4 v0x600001430360_0, 0, 1;
    %delay 10, 0;
    %pushi/vec4 1, 0, 1;
    %store/vec4 v0x6000014302d0_0, 0, 1;
    %delay 1000, 0;
    %pushi/vec4 1, 0, 1;
    %store/vec4 v0x600001430360_0, 0, 1;
    %delay 10, 0;
    %vpi_call 2 82 "$finish" {0 0 0};
    %end;
    .thread T_2;
# The file index is used to find the file name in the following table.
:file_names 3;
    "N/A";
    "<interactive>";
    "counter.v";
