#! /opt/homebrew/Cellar/icarus-verilog/12.0/bin/vvp
:ivl_version "12.0 (stable)";
:ivl_delay_selection "TYPICAL";
:vpi_time_precision + 0;
:vpi_module "/opt/homebrew/Cellar/icarus-verilog/12.0/lib/ivl/system.vpi";
:vpi_module "/opt/homebrew/Cellar/icarus-verilog/12.0/lib/ivl/vhdl_sys.vpi";
:vpi_module "/opt/homebrew/Cellar/icarus-verilog/12.0/lib/ivl/vhdl_textio.vpi";
:vpi_module "/opt/homebrew/Cellar/icarus-verilog/12.0/lib/ivl/v2005_math.vpi";
:vpi_module "/opt/homebrew/Cellar/icarus-verilog/12.0/lib/ivl/va_math.vpi";
S_0x141608d60 .scope module, "decoder_2_4_tb" "decoder_2_4_tb" 2 18;
 .timescale 0 0;
v0x14161c480_0 .var/i "i", 31 0;
v0x14161c530_0 .net "out", 3 0, v0x141608ed0_0;  1 drivers
v0x14161c5f0_0 .var "sel", 1 0;
S_0x141607540 .scope module, "cut" "decoder_2_4" 2 23, 2 1 0, S_0x141608d60;
 .timescale 0 0;
    .port_info 0 /INPUT 2 "sel";
    .port_info 1 /OUTPUT 4 "out";
v0x141608ed0_0 .var "out", 3 0;
v0x14161c3c0_0 .net "sel", 1 0, v0x14161c5f0_0;  1 drivers
E_0x1416091f0 .event anyedge, v0x14161c3c0_0;
    .scope S_0x141607540;
T_0 ;
    %wait E_0x1416091f0;
    %load/vec4 v0x14161c3c0_0;
    %dup/vec4;
    %pushi/vec4 0, 0, 2;
    %cmp/u;
    %jmp/1 T_0.0, 6;
    %dup/vec4;
    %pushi/vec4 1, 0, 2;
    %cmp/u;
    %jmp/1 T_0.1, 6;
    %dup/vec4;
    %pushi/vec4 2, 0, 2;
    %cmp/u;
    %jmp/1 T_0.2, 6;
    %dup/vec4;
    %pushi/vec4 3, 0, 2;
    %cmp/u;
    %jmp/1 T_0.3, 6;
    %pushi/vec4 0, 0, 4;
    %store/vec4 v0x141608ed0_0, 0, 4;
    %jmp T_0.5;
T_0.0 ;
    %pushi/vec4 1, 0, 4;
    %store/vec4 v0x141608ed0_0, 0, 4;
    %jmp T_0.5;
T_0.1 ;
    %pushi/vec4 2, 0, 4;
    %store/vec4 v0x141608ed0_0, 0, 4;
    %jmp T_0.5;
T_0.2 ;
    %pushi/vec4 4, 0, 4;
    %store/vec4 v0x141608ed0_0, 0, 4;
    %jmp T_0.5;
T_0.3 ;
    %pushi/vec4 8, 0, 4;
    %store/vec4 v0x141608ed0_0, 0, 4;
    %jmp T_0.5;
T_0.5 ;
    %pop/vec4 1;
    %jmp T_0;
    .thread T_0, $push;
    .scope S_0x141608d60;
T_1 ;
    %vpi_call 2 28 "$monitor", "%b %b", v0x14161c5f0_0, v0x14161c530_0 {0 0 0};
    %pushi/vec4 0, 0, 32;
    %store/vec4 v0x14161c480_0, 0, 32;
T_1.0 ;
    %load/vec4 v0x14161c480_0;
    %cmpi/s 4, 0, 32;
    %jmp/0xz T_1.1, 5;
    %delay 10, 0;
    %load/vec4 v0x14161c480_0;
    %pad/s 2;
    %store/vec4 v0x14161c5f0_0, 0, 2;
    ; show_stmt_assign_vector: Get l-value for compressed += operand
    %load/vec4 v0x14161c480_0;
    %pushi/vec4 1, 0, 32;
    %add;
    %store/vec4 v0x14161c480_0, 0, 32;
    %jmp T_1.0;
T_1.1 ;
    %end;
    .thread T_1;
# The file index is used to find the file name in the following table.
:file_names 3;
    "N/A";
    "<interactive>";
    "decoder_2_4.v";
