#! /opt/homebrew/Cellar/icarus-verilog/12.0/bin/vvp
:ivl_version "12.0 (stable)";
:ivl_delay_selection "TYPICAL";
:vpi_time_precision + 0;
:vpi_module "/opt/homebrew/Cellar/icarus-verilog/12.0/lib/ivl/system.vpi";
:vpi_module "/opt/homebrew/Cellar/icarus-verilog/12.0/lib/ivl/vhdl_sys.vpi";
:vpi_module "/opt/homebrew/Cellar/icarus-verilog/12.0/lib/ivl/vhdl_textio.vpi";
:vpi_module "/opt/homebrew/Cellar/icarus-verilog/12.0/lib/ivl/v2005_math.vpi";
:vpi_module "/opt/homebrew/Cellar/icarus-verilog/12.0/lib/ivl/va_math.vpi";
S_0x13a605460 .scope module, "mux_4_1_tb" "mux_4_1_tb" 2 26;
 .timescale 0 0;
v0x6000030053b0_0 .var "d0", 3 0;
v0x600003005440_0 .var "d1", 3 0;
v0x6000030054d0_0 .var "d2", 3 0;
v0x600003005560_0 .var "d3", 3 0;
v0x6000030055f0_0 .var/i "k", 31 0;
RS_0x140040310 .resolv tri, L_0x600003304140, L_0x600003304280, L_0x6000033043c0, L_0x600003304500;
v0x600003005680_0 .net8 "o", 3 0, RS_0x140040310;  4 drivers
v0x600003005710_0 .var "s", 1 0;
S_0x13a6055d0 .scope module, "dut" "mux_4_1" 2 32, 2 2 0, S_0x13a605460;
 .timescale 0 0;
    .port_info 0 /INPUT 2 "sel";
    .port_info 1 /INPUT 4 "d0";
    .port_info 2 /INPUT 4 "d1";
    .port_info 3 /INPUT 4 "d2";
    .port_info 4 /INPUT 4 "d3";
    .port_info 5 /OUTPUT 4 "out";
P_0x600001706300 .param/l "width" 0 2 3, +C4<00000000000000000000000000000100>;
v0x6000030042d0_0 .net *"_ivl_1", 0 0, L_0x6000033040a0;  1 drivers
v0x600003004bd0_0 .net *"_ivl_13", 0 0, L_0x600003304320;  1 drivers
o0x140040130 .functor BUFZ 4, C4<zzzz>; HiZ drive
; Elide local net with no drivers, v0x600003004c60_0 name=_ivl_14
v0x600003004cf0_0 .net *"_ivl_19", 0 0, L_0x600003304460;  1 drivers
o0x140040190 .functor BUFZ 4, C4<zzzz>; HiZ drive
; Elide local net with no drivers, v0x600003004d80_0 name=_ivl_2
o0x1400401c0 .functor BUFZ 4, C4<zzzz>; HiZ drive
; Elide local net with no drivers, v0x600003004e10_0 name=_ivl_20
v0x600003004ea0_0 .net *"_ivl_7", 0 0, L_0x6000033041e0;  1 drivers
o0x140040220 .functor BUFZ 4, C4<zzzz>; HiZ drive
; Elide local net with no drivers, v0x600003004f30_0 name=_ivl_8
v0x600003004fc0_0 .net "d0", 3 0, v0x6000030053b0_0;  1 drivers
v0x600003005050_0 .net "d1", 3 0, v0x600003005440_0;  1 drivers
v0x6000030050e0_0 .net "d2", 3 0, v0x6000030054d0_0;  1 drivers
v0x600003005170_0 .net "d3", 3 0, v0x600003005560_0;  1 drivers
v0x600003005200_0 .net "enable", 3 0, v0x600003004750_0;  1 drivers
v0x600003005290_0 .net8 "out", 3 0, RS_0x140040310;  alias, 4 drivers
v0x600003005320_0 .net "sel", 1 0, v0x600003005710_0;  1 drivers
L_0x6000033040a0 .part v0x600003004750_0, 0, 1;
L_0x600003304140 .functor MUXZ 4, o0x140040190, v0x6000030053b0_0, L_0x6000033040a0, C4<>;
L_0x6000033041e0 .part v0x600003004750_0, 1, 1;
L_0x600003304280 .functor MUXZ 4, o0x140040220, v0x600003005440_0, L_0x6000033041e0, C4<>;
L_0x600003304320 .part v0x600003004750_0, 2, 1;
L_0x6000033043c0 .functor MUXZ 4, o0x140040130, v0x6000030054d0_0, L_0x600003304320, C4<>;
L_0x600003304460 .part v0x600003004750_0, 3, 1;
L_0x600003304500 .functor MUXZ 4, o0x1400401c0, v0x600003005560_0, L_0x600003304460, C4<>;
S_0x13a607ca0 .scope module, "dec" "decoder_2_4" 2 13, 2 53 0, S_0x13a6055d0;
 .timescale 0 0;
    .port_info 0 /INPUT 2 "sel";
    .port_info 1 /OUTPUT 4 "out";
v0x600003004750_0 .var "out", 3 0;
v0x600003004510_0 .net "sel", 1 0, v0x600003005710_0;  alias, 1 drivers
E_0x600001706380 .event anyedge, v0x600003004510_0;
    .scope S_0x13a607ca0;
T_0 ;
    %wait E_0x600001706380;
    %load/vec4 v0x600003004510_0;
    %dup/vec4;
    %pushi/vec4 0, 0, 2;
    %cmp/u;
    %jmp/1 T_0.0, 6;
    %dup/vec4;
    %pushi/vec4 1, 0, 2;
    %cmp/u;
    %jmp/1 T_0.1, 6;
    %dup/vec4;
    %pushi/vec4 2, 0, 2;
    %cmp/u;
    %jmp/1 T_0.2, 6;
    %dup/vec4;
    %pushi/vec4 3, 0, 2;
    %cmp/u;
    %jmp/1 T_0.3, 6;
    %pushi/vec4 0, 0, 4;
    %store/vec4 v0x600003004750_0, 0, 4;
    %jmp T_0.5;
T_0.0 ;
    %pushi/vec4 1, 0, 4;
    %store/vec4 v0x600003004750_0, 0, 4;
    %jmp T_0.5;
T_0.1 ;
    %pushi/vec4 2, 0, 4;
    %store/vec4 v0x600003004750_0, 0, 4;
    %jmp T_0.5;
T_0.2 ;
    %pushi/vec4 4, 0, 4;
    %store/vec4 v0x600003004750_0, 0, 4;
    %jmp T_0.5;
T_0.3 ;
    %pushi/vec4 8, 0, 4;
    %store/vec4 v0x600003004750_0, 0, 4;
    %jmp T_0.5;
T_0.5 ;
    %pop/vec4 1;
    %jmp T_0;
    .thread T_0, $push;
    .scope S_0x13a605460;
T_1 ;
    %vpi_call 2 43 "$display", "Time d3   d2   d1   d0   s   o" {0 0 0};
    %vpi_call 2 44 "$monitor", "%0t\011%b %b %b %b %b\011%b", $time, v0x600003005560_0, v0x6000030054d0_0, v0x600003005440_0, v0x6000030053b0_0, v0x600003005710_0, v0x600003005680_0 {0 0 0};
    %pushi/vec4 0, 0, 32;
    %store/vec4 v0x6000030055f0_0, 0, 32;
T_1.0 ;
    %load/vec4 v0x6000030055f0_0;
    %cmpi/s 4, 0, 32;
    %jmp/0xz T_1.1, 5;
    %load/vec4 v0x6000030055f0_0;
    %pad/s 2;
    %store/vec4 v0x600003005710_0, 0, 2;
    %vpi_func 2 47 "$urandom" 32 {0 0 0};
    %pad/u 16;
    %split/vec4 4;
    %store/vec4 v0x6000030053b0_0, 0, 4;
    %split/vec4 4;
    %store/vec4 v0x600003005440_0, 0, 4;
    %split/vec4 4;
    %store/vec4 v0x6000030054d0_0, 0, 4;
    %store/vec4 v0x600003005560_0, 0, 4;
    %delay 10, 0;
    %load/vec4 v0x6000030055f0_0;
    %addi 1, 0, 32;
    %store/vec4 v0x6000030055f0_0, 0, 32;
    %jmp T_1.0;
T_1.1 ;
    %end;
    .thread T_1;
# The file index is used to find the file name in the following table.
:file_names 3;
    "N/A";
    "<interactive>";
    "mux_4_1.v";
