#! /opt/homebrew/Cellar/icarus-verilog/12.0/bin/vvp
:ivl_version "12.0 (stable)";
:ivl_delay_selection "TYPICAL";
:vpi_time_precision + 0;
:vpi_module "/opt/homebrew/Cellar/icarus-verilog/12.0/lib/ivl/system.vpi";
:vpi_module "/opt/homebrew/Cellar/icarus-verilog/12.0/lib/ivl/vhdl_sys.vpi";
:vpi_module "/opt/homebrew/Cellar/icarus-verilog/12.0/lib/ivl/vhdl_textio.vpi";
:vpi_module "/opt/homebrew/Cellar/icarus-verilog/12.0/lib/ivl/v2005_math.vpi";
:vpi_module "/opt/homebrew/Cellar/icarus-verilog/12.0/lib/ivl/va_math.vpi";
S_0x123608540 .scope module, "mux_tb" "mux_tb" 2 8;
 .timescale 0 0;
v0x12361df60_0 .var "a", 0 0;
v0x12361e000_0 .var "b", 0 0;
v0x12361e0b0_0 .var/i "i", 31 0;
v0x12361e160_0 .net "out", 0 0, L_0x12361e570;  1 drivers
v0x12361e210_0 .var "sel", 0 0;
S_0x1236086b0 .scope module, "mux_cut" "mux_2_1" 2 13, 2 1 0, S_0x123608540;
 .timescale 0 0;
    .port_info 0 /INPUT 1 "a";
    .port_info 1 /INPUT 1 "b";
    .port_info 2 /INPUT 1 "sel";
    .port_info 3 /OUTPUT 1 "out";
L_0x12361e2e0 .functor NOT 1, v0x12361e210_0, C4<0>, C4<0>, C4<0>;
L_0x12361e3b0 .functor AND 1, v0x12361df60_0, L_0x12361e2e0, C4<1>, C4<1>;
L_0x12361e4c0 .functor AND 1, v0x12361e000_0, v0x12361e210_0, C4<1>, C4<1>;
L_0x12361e570 .functor OR 1, L_0x12361e3b0, L_0x12361e4c0, C4<0>, C4<0>;
v0x123607570_0 .net *"_ivl_0", 0 0, L_0x12361e2e0;  1 drivers
v0x12361daf0_0 .net *"_ivl_2", 0 0, L_0x12361e3b0;  1 drivers
v0x12361dba0_0 .net *"_ivl_4", 0 0, L_0x12361e4c0;  1 drivers
v0x12361dc60_0 .net "a", 0 0, v0x12361df60_0;  1 drivers
v0x12361dd00_0 .net "b", 0 0, v0x12361e000_0;  1 drivers
v0x12361dde0_0 .net "out", 0 0, L_0x12361e570;  alias, 1 drivers
v0x12361de80_0 .net "sel", 0 0, v0x12361e210_0;  1 drivers
    .scope S_0x123608540;
T_0 ;
    %pushi/vec4 0, 0, 32;
    %store/vec4 v0x12361e0b0_0, 0, 32;
    %end;
    .thread T_0;
    .scope S_0x123608540;
T_1 ;
    %vpi_call 2 24 "$display", "a | b | sel | out" {0 0 0};
    %vpi_call 2 25 "$monitor", "%b | %b | %b | %b", v0x12361df60_0, v0x12361e000_0, v0x12361e210_0, v0x12361e160_0 {0 0 0};
    %pushi/vec4 0, 0, 3;
    %split/vec4 1;
    %store/vec4 v0x12361e210_0, 0, 1;
    %split/vec4 1;
    %store/vec4 v0x12361e000_0, 0, 1;
    %store/vec4 v0x12361df60_0, 0, 1;
    %delay 10, 0;
    %pushi/vec4 0, 0, 32;
    %store/vec4 v0x12361e0b0_0, 0, 32;
T_1.0 ;
    %load/vec4 v0x12361e0b0_0;
    %cmpi/s 8, 0, 32;
    %jmp/0xz T_1.1, 5;
    %delay 10, 0;
    %load/vec4 v0x12361e0b0_0;
    %pad/s 3;
    %split/vec4 1;
    %store/vec4 v0x12361e210_0, 0, 1;
    %split/vec4 1;
    %store/vec4 v0x12361e000_0, 0, 1;
    %store/vec4 v0x12361df60_0, 0, 1;
    %load/vec4 v0x12361e0b0_0;
    %addi 1, 0, 32;
    %store/vec4 v0x12361e0b0_0, 0, 32;
    %jmp T_1.0;
T_1.1 ;
    %end;
    .thread T_1;
# The file index is used to find the file name in the following table.
:file_names 3;
    "N/A";
    "<interactive>";
    "mux_2_1.v";
