#! /opt/homebrew/Cellar/icarus-verilog/12.0/bin/vvp
:ivl_version "12.0 (stable)";
:ivl_delay_selection "TYPICAL";
:vpi_time_precision + 0;
:vpi_module "/opt/homebrew/Cellar/icarus-verilog/12.0/lib/ivl/system.vpi";
:vpi_module "/opt/homebrew/Cellar/icarus-verilog/12.0/lib/ivl/vhdl_sys.vpi";
:vpi_module "/opt/homebrew/Cellar/icarus-verilog/12.0/lib/ivl/vhdl_textio.vpi";
:vpi_module "/opt/homebrew/Cellar/icarus-verilog/12.0/lib/ivl/v2005_math.vpi";
:vpi_module "/opt/homebrew/Cellar/icarus-verilog/12.0/lib/ivl/va_math.vpi";
S_0x15b704160 .scope module, "add2b" "add2b" 2 11;
 .timescale 0 0;
    .port_info 0 /INPUT 2 "a";
    .port_info 1 /INPUT 2 "b";
    .port_info 2 /INPUT 1 "carry_in";
    .port_info 3 /OUTPUT 2 "sum";
    .port_info 4 /OUTPUT 1 "carry_out";
o0x150020580 .functor BUFZ 2, C4<zz>; HiZ drive
v0x15b723f90_0 .net "a", 1 0, o0x150020580;  0 drivers
o0x1500205b0 .functor BUFZ 2, C4<zz>; HiZ drive
v0x15b724020_0 .net "b", 1 0, o0x1500205b0;  0 drivers
v0x15b7240b0_0 .net "carry", 0 0, L_0x15b7257f0;  1 drivers
o0x150020160 .functor BUFZ 1, C4<z>; HiZ drive
v0x15b724180_0 .net "carry_in", 0 0, o0x150020160;  0 drivers
v0x15b724210_0 .net "carry_out", 0 0, L_0x15b726000;  1 drivers
v0x15b7242e0_0 .net "sum", 1 0, L_0x15b7263b0;  1 drivers
L_0x15b7258e0 .part o0x150020580, 0, 1;
L_0x15b725a00 .part o0x1500205b0, 0, 1;
L_0x15b726170 .part o0x150020580, 1, 1;
L_0x15b726290 .part o0x1500205b0, 1, 1;
L_0x15b7263b0 .concat8 [ 1 1 0 0], L_0x15b7252f0, L_0x15b725b60;
S_0x15b7057d0 .scope module, "f1" "fac" 2 21, 2 1 0, S_0x15b704160;
 .timescale 0 0;
    .port_info 0 /INPUT 1 "a";
    .port_info 1 /INPUT 1 "b";
    .port_info 2 /INPUT 1 "carry_in";
    .port_info 3 /OUTPUT 1 "sum";
    .port_info 4 /OUTPUT 1 "carry_out";
L_0x15b725200 .functor XOR 1, L_0x15b7258e0, L_0x15b725a00, C4<0>, C4<0>;
L_0x15b7252f0 .functor XOR 1, L_0x15b725200, o0x150020160, C4<0>, C4<0>;
L_0x15b725420 .functor AND 1, L_0x15b7258e0, L_0x15b725a00, C4<1>, C4<1>;
L_0x15b725510 .functor AND 1, L_0x15b7258e0, o0x150020160, C4<1>, C4<1>;
L_0x15b7255a0 .functor OR 1, L_0x15b725420, L_0x15b725510, C4<0>, C4<0>;
L_0x15b725700 .functor AND 1, L_0x15b725a00, o0x150020160, C4<1>, C4<1>;
L_0x15b7257f0 .functor OR 1, L_0x15b7255a0, L_0x15b725700, C4<0>, C4<0>;
v0x15b7117b0_0 .net *"_ivl_0", 0 0, L_0x15b725200;  1 drivers
v0x15b722ed0_0 .net *"_ivl_10", 0 0, L_0x15b725700;  1 drivers
v0x15b722f70_0 .net *"_ivl_4", 0 0, L_0x15b725420;  1 drivers
v0x15b723020_0 .net *"_ivl_6", 0 0, L_0x15b725510;  1 drivers
v0x15b7230d0_0 .net *"_ivl_8", 0 0, L_0x15b7255a0;  1 drivers
v0x15b7231c0_0 .net "a", 0 0, L_0x15b7258e0;  1 drivers
v0x15b723260_0 .net "b", 0 0, L_0x15b725a00;  1 drivers
v0x15b723300_0 .net "carry_in", 0 0, o0x150020160;  alias, 0 drivers
v0x15b7233a0_0 .net "carry_out", 0 0, L_0x15b7257f0;  alias, 1 drivers
v0x15b7234b0_0 .net "sum", 0 0, L_0x15b7252f0;  1 drivers
S_0x15b7235c0 .scope module, "f2" "fac" 2 22, 2 1 0, S_0x15b704160;
 .timescale 0 0;
    .port_info 0 /INPUT 1 "a";
    .port_info 1 /INPUT 1 "b";
    .port_info 2 /INPUT 1 "carry_in";
    .port_info 3 /OUTPUT 1 "sum";
    .port_info 4 /OUTPUT 1 "carry_out";
L_0x15b725490 .functor XOR 1, L_0x15b726170, L_0x15b726290, C4<0>, C4<0>;
L_0x15b725b60 .functor XOR 1, L_0x15b725490, L_0x15b7257f0, C4<0>, C4<0>;
L_0x15b725cd0 .functor AND 1, L_0x15b726170, L_0x15b726290, C4<1>, C4<1>;
L_0x15b725da0 .functor AND 1, L_0x15b726170, L_0x15b7257f0, C4<1>, C4<1>;
L_0x15b725e30 .functor OR 1, L_0x15b725cd0, L_0x15b725da0, C4<0>, C4<0>;
L_0x15b725f90 .functor AND 1, L_0x15b726290, L_0x15b7257f0, C4<1>, C4<1>;
L_0x15b726000 .functor OR 1, L_0x15b725e30, L_0x15b725f90, C4<0>, C4<0>;
v0x15b723800_0 .net *"_ivl_0", 0 0, L_0x15b725490;  1 drivers
v0x15b723890_0 .net *"_ivl_10", 0 0, L_0x15b725f90;  1 drivers
v0x15b723930_0 .net *"_ivl_4", 0 0, L_0x15b725cd0;  1 drivers
v0x15b7239f0_0 .net *"_ivl_6", 0 0, L_0x15b725da0;  1 drivers
v0x15b723aa0_0 .net *"_ivl_8", 0 0, L_0x15b725e30;  1 drivers
v0x15b723b90_0 .net "a", 0 0, L_0x15b726170;  1 drivers
v0x15b723c30_0 .net "b", 0 0, L_0x15b726290;  1 drivers
v0x15b723cd0_0 .net "carry_in", 0 0, L_0x15b7257f0;  alias, 1 drivers
v0x15b723d60_0 .net "carry_out", 0 0, L_0x15b726000;  alias, 1 drivers
v0x15b723e70_0 .net "sum", 0 0, L_0x15b725b60;  1 drivers
S_0x15b7042d0 .scope module, "fac_tb" "fac_tb" 2 27;
 .timescale 0 0;
v0x15b724e00_0 .var "a", 0 0;
v0x15b724e90_0 .var "b", 0 0;
v0x15b724f20_0 .var "carry_in", 0 0;
v0x15b724ff0_0 .net "carry_out", 0 0, L_0x15b726a60;  1 drivers
v0x15b7250a0_0 .var/i "i", 31 0;
v0x15b725170_0 .net "sum", 0 0, L_0x15b7265c0;  1 drivers
S_0x15b7243e0 .scope module, "fac_cut" "fac" 2 32, 2 1 0, S_0x15b7042d0;
 .timescale 0 0;
    .port_info 0 /INPUT 1 "a";
    .port_info 1 /INPUT 1 "b";
    .port_info 2 /INPUT 1 "carry_in";
    .port_info 3 /OUTPUT 1 "sum";
    .port_info 4 /OUTPUT 1 "carry_out";
L_0x15b7264d0 .functor XOR 1, v0x15b724e00_0, v0x15b724e90_0, C4<0>, C4<0>;
L_0x15b7265c0 .functor XOR 1, L_0x15b7264d0, v0x15b724f20_0, C4<0>, C4<0>;
L_0x15b7266b0 .functor AND 1, v0x15b724e00_0, v0x15b724e90_0, C4<1>, C4<1>;
L_0x15b726720 .functor AND 1, v0x15b724e00_0, v0x15b724f20_0, C4<1>, C4<1>;
L_0x15b726810 .functor OR 1, L_0x15b7266b0, L_0x15b726720, C4<0>, C4<0>;
L_0x15b7268f0 .functor AND 1, v0x15b724e90_0, v0x15b724f20_0, C4<1>, C4<1>;
L_0x15b726a60 .functor OR 1, L_0x15b726810, L_0x15b7268f0, C4<0>, C4<0>;
v0x15b724630_0 .net *"_ivl_0", 0 0, L_0x15b7264d0;  1 drivers
v0x15b7246f0_0 .net *"_ivl_10", 0 0, L_0x15b7268f0;  1 drivers
v0x15b7247a0_0 .net *"_ivl_4", 0 0, L_0x15b7266b0;  1 drivers
v0x15b724860_0 .net *"_ivl_6", 0 0, L_0x15b726720;  1 drivers
v0x15b724910_0 .net *"_ivl_8", 0 0, L_0x15b726810;  1 drivers
v0x15b724a00_0 .net "a", 0 0, v0x15b724e00_0;  1 drivers
v0x15b724aa0_0 .net "b", 0 0, v0x15b724e90_0;  1 drivers
v0x15b724b40_0 .net "carry_in", 0 0, v0x15b724f20_0;  1 drivers
v0x15b724be0_0 .net "carry_out", 0 0, L_0x15b726a60;  alias, 1 drivers
v0x15b724cf0_0 .net "sum", 0 0, L_0x15b7265c0;  alias, 1 drivers
    .scope S_0x15b7042d0;
T_0 ;
    %pushi/vec4 0, 0, 32;
    %store/vec4 v0x15b7250a0_0, 0, 32;
    %end;
    .thread T_0;
    .scope S_0x15b7042d0;
T_1 ;
    %vpi_call 2 44 "$display", "A B Cin | Sum Cout" {0 0 0};
    %vpi_call 2 45 "$monitor", "%b %b  %b  |  %b   %b", v0x15b724e00_0, v0x15b724e90_0, v0x15b724f20_0, v0x15b725170_0, v0x15b724ff0_0 {0 0 0};
    %pushi/vec4 0, 0, 32;
    %store/vec4 v0x15b7250a0_0, 0, 32;
T_1.0 ;
    %load/vec4 v0x15b7250a0_0;
    %cmpi/s 8, 0, 32;
    %jmp/0xz T_1.1, 5;
    %load/vec4 v0x15b7250a0_0;
    %pad/s 3;
    %split/vec4 1;
    %store/vec4 v0x15b724f20_0, 0, 1;
    %split/vec4 1;
    %store/vec4 v0x15b724e90_0, 0, 1;
    %store/vec4 v0x15b724e00_0, 0, 1;
    %delay 10, 0;
    %load/vec4 v0x15b7250a0_0;
    %addi 1, 0, 32;
    %store/vec4 v0x15b7250a0_0, 0, 32;
    %jmp T_1.0;
T_1.1 ;
    %vpi_call 2 55 "$finish" {0 0 0};
    %end;
    .thread T_1;
# The file index is used to find the file name in the following table.
:file_names 3;
    "N/A";
    "<interactive>";
    "fac.v";
