#! /opt/homebrew/Cellar/icarus-verilog/12.0/bin/vvp
:ivl_version "12.0 (stable)";
:ivl_delay_selection "TYPICAL";
:vpi_time_precision + 0;
:vpi_module "/opt/homebrew/Cellar/icarus-verilog/12.0/lib/ivl/system.vpi";
:vpi_module "/opt/homebrew/Cellar/icarus-verilog/12.0/lib/ivl/vhdl_sys.vpi";
:vpi_module "/opt/homebrew/Cellar/icarus-verilog/12.0/lib/ivl/vhdl_textio.vpi";
:vpi_module "/opt/homebrew/Cellar/icarus-verilog/12.0/lib/ivl/v2005_math.vpi";
:vpi_module "/opt/homebrew/Cellar/icarus-verilog/12.0/lib/ivl/va_math.vpi";
S_0x14df098c0 .scope module, "dec_2_4" "dec_2_4" 2 43;
 .timescale 0 0;
    .port_info 0 /INPUT 1 "enable";
    .port_info 1 /INPUT 2 "sel";
    .port_info 2 /OUTPUT 4 "data";
v0x14df07a80_0 .var "data", 3 0;
o0x150040040 .functor BUFZ 1, C4<z>; HiZ drive
v0x14df1f340_0 .net "enable", 0 0, o0x150040040;  0 drivers
o0x150040070 .functor BUFZ 2, C4<zz>; HiZ drive
v0x14df1f3e0_0 .net "sel", 1 0, o0x150040070;  0 drivers
E_0x14df09e80 .event anyedge, v0x14df1f340_0, v0x14df1f3e0_0;
S_0x14df05570 .scope module, "dec_3_8" "dec_3_8" 2 1;
 .timescale 0 0;
    .port_info 0 /INPUT 1 "enable";
    .port_info 1 /INPUT 3 "sel";
    .port_info 2 /OUTPUT 8 "data";
v0x14df1f530_0 .var "data", 7 0;
o0x150040160 .functor BUFZ 1, C4<z>; HiZ drive
v0x14df1f5f0_0 .net "enable", 0 0, o0x150040160;  0 drivers
o0x150040190 .functor BUFZ 3, C4<zzz>; HiZ drive
v0x14df1f690_0 .net "sel", 2 0, o0x150040190;  0 drivers
E_0x14df1f4d0 .event anyedge, v0x14df1f5f0_0, v0x14df1f690_0;
S_0x14df056e0 .scope module, "dec_3_8_tb" "dec_3_8_tb" 2 64;
 .timescale 0 0;
o0x150040250 .functor BUFZ 8, C4<zzzzzzzz>; HiZ drive
v0x14df1f780_0 .net "data", 7 0, o0x150040250;  0 drivers
v0x14df1f840_0 .var "enable", 0 0;
v0x14df1f8e0_0 .var/i "i", 31 0;
v0x14df1f980_0 .var "sel", 2 0;
    .scope S_0x14df098c0;
T_0 ;
    %wait E_0x14df09e80;
    %load/vec4 v0x14df1f340_0;
    %flag_set/vec4 8;
    %jmp/0xz  T_0.0, 8;
    %pushi/vec4 15, 0, 4;
    %store/vec4 v0x14df07a80_0, 0, 4;
    %jmp T_0.1;
T_0.0 ;
    %load/vec4 v0x14df1f3e0_0;
    %dup/vec4;
    %pushi/vec4 0, 0, 2;
    %cmp/u;
    %jmp/1 T_0.2, 6;
    %dup/vec4;
    %pushi/vec4 1, 0, 2;
    %cmp/u;
    %jmp/1 T_0.3, 6;
    %dup/vec4;
    %pushi/vec4 2, 0, 2;
    %cmp/u;
    %jmp/1 T_0.4, 6;
    %dup/vec4;
    %pushi/vec4 3, 0, 2;
    %cmp/u;
    %jmp/1 T_0.5, 6;
    %pushi/vec4 15, 0, 4;
    %store/vec4 v0x14df07a80_0, 0, 4;
    %jmp T_0.7;
T_0.2 ;
    %pushi/vec4 14, 0, 4;
    %store/vec4 v0x14df07a80_0, 0, 4;
    %jmp T_0.7;
T_0.3 ;
    %pushi/vec4 13, 0, 4;
    %store/vec4 v0x14df07a80_0, 0, 4;
    %jmp T_0.7;
T_0.4 ;
    %pushi/vec4 11, 0, 4;
    %store/vec4 v0x14df07a80_0, 0, 4;
    %jmp T_0.7;
T_0.5 ;
    %pushi/vec4 7, 0, 4;
    %store/vec4 v0x14df07a80_0, 0, 4;
    %jmp T_0.7;
T_0.7 ;
    %pop/vec4 1;
T_0.1 ;
    %jmp T_0;
    .thread T_0, $push;
    .scope S_0x14df05570;
T_1 ;
    %wait E_0x14df1f4d0;
    %load/vec4 v0x14df1f5f0_0;
    %flag_set/vec4 8;
    %jmp/0xz  T_1.0, 8;
    %pushi/vec4 255, 0, 8;
    %store/vec4 v0x14df1f530_0, 0, 8;
    %jmp T_1.1;
T_1.0 ;
    %load/vec4 v0x14df1f690_0;
    %dup/vec4;
    %pushi/vec4 0, 0, 3;
    %cmp/u;
    %jmp/1 T_1.2, 6;
    %dup/vec4;
    %pushi/vec4 1, 0, 3;
    %cmp/u;
    %jmp/1 T_1.3, 6;
    %dup/vec4;
    %pushi/vec4 2, 0, 3;
    %cmp/u;
    %jmp/1 T_1.4, 6;
    %dup/vec4;
    %pushi/vec4 3, 0, 3;
    %cmp/u;
    %jmp/1 T_1.5, 6;
    %dup/vec4;
    %pushi/vec4 4, 0, 3;
    %cmp/u;
    %jmp/1 T_1.6, 6;
    %dup/vec4;
    %pushi/vec4 5, 0, 3;
    %cmp/u;
    %jmp/1 T_1.7, 6;
    %dup/vec4;
    %pushi/vec4 6, 0, 3;
    %cmp/u;
    %jmp/1 T_1.8, 6;
    %dup/vec4;
    %pushi/vec4 7, 0, 3;
    %cmp/u;
    %jmp/1 T_1.9, 6;
    %pushi/vec4 255, 0, 8;
    %store/vec4 v0x14df1f530_0, 0, 8;
    %jmp T_1.11;
T_1.2 ;
    %pushi/vec4 254, 0, 8;
    %store/vec4 v0x14df1f530_0, 0, 8;
    %jmp T_1.11;
T_1.3 ;
    %pushi/vec4 253, 0, 8;
    %store/vec4 v0x14df1f530_0, 0, 8;
    %jmp T_1.11;
T_1.4 ;
    %pushi/vec4 251, 0, 8;
    %store/vec4 v0x14df1f530_0, 0, 8;
    %jmp T_1.11;
T_1.5 ;
    %pushi/vec4 247, 0, 8;
    %store/vec4 v0x14df1f530_0, 0, 8;
    %jmp T_1.11;
T_1.6 ;
    %pushi/vec4 239, 0, 8;
    %store/vec4 v0x14df1f530_0, 0, 8;
    %jmp T_1.11;
T_1.7 ;
    %pushi/vec4 223, 0, 8;
    %store/vec4 v0x14df1f530_0, 0, 8;
    %jmp T_1.11;
T_1.8 ;
    %pushi/vec4 191, 0, 8;
    %store/vec4 v0x14df1f530_0, 0, 8;
    %jmp T_1.11;
T_1.9 ;
    %pushi/vec4 127, 0, 8;
    %store/vec4 v0x14df1f530_0, 0, 8;
    %jmp T_1.11;
T_1.11 ;
    %pop/vec4 1;
T_1.1 ;
    %jmp T_1;
    .thread T_1, $push;
    .scope S_0x14df056e0;
T_2 ;
    %vpi_call 2 72 "$display", "en   sel \011 data" {0 0 0};
    %vpi_call 2 73 "$monitor", "%b \011 %b \011 %b", v0x14df1f840_0, v0x14df1f980_0, v0x14df1f780_0 {0 0 0};
    %pushi/vec4 0, 0, 1;
    %store/vec4 v0x14df1f840_0, 0, 1;
    %pushi/vec4 0, 0, 3;
    %store/vec4 v0x14df1f980_0, 0, 3;
    %delay 50, 0;
    %pushi/vec4 0, 0, 32;
    %store/vec4 v0x14df1f8e0_0, 0, 32;
T_2.0 ;
    %load/vec4 v0x14df1f8e0_0;
    %cmpi/s 8, 0, 32;
    %jmp/0xz T_2.1, 5;
    %delay 50, 0;
    %load/vec4 v0x14df1f8e0_0;
    %pad/s 3;
    %store/vec4 v0x14df1f980_0, 0, 3;
    %load/vec4 v0x14df1f8e0_0;
    %addi 1, 0, 32;
    %store/vec4 v0x14df1f8e0_0, 0, 32;
    %jmp T_2.0;
T_2.1 ;
    %end;
    .thread T_2;
# The file index is used to find the file name in the following table.
:file_names 3;
    "N/A";
    "<interactive>";
    "dec_3_8.v";
