#! /opt/homebrew/Cellar/icarus-verilog/12.0/bin/vvp
:ivl_version "12.0 (stable)";
:ivl_delay_selection "TYPICAL";
:vpi_time_precision + 0;
:vpi_module "/opt/homebrew/Cellar/icarus-verilog/12.0/lib/ivl/system.vpi";
:vpi_module "/opt/homebrew/Cellar/icarus-verilog/12.0/lib/ivl/vhdl_sys.vpi";
:vpi_module "/opt/homebrew/Cellar/icarus-verilog/12.0/lib/ivl/vhdl_textio.vpi";
:vpi_module "/opt/homebrew/Cellar/icarus-verilog/12.0/lib/ivl/v2005_math.vpi";
:vpi_module "/opt/homebrew/Cellar/icarus-verilog/12.0/lib/ivl/va_math.vpi";
S_0x11de093f0 .scope module, "dec_2_4_tb" "dec_2_4_tb" 2 21;
 .timescale 0 0;
v0x11de1dc70_0 .net "data", 3 0, v0x11de076e0_0;  1 drivers
v0x11de1dd20_0 .var "enable", 0 0;
v0x11de1ddd0_0 .var/i "i", 31 0;
v0x11de1de80_0 .var "sel", 1 0;
S_0x11de07570 .scope module, "dec_tb" "dec_2_4" 2 27, 2 1 0, S_0x11de093f0;
 .timescale 0 0;
    .port_info 0 /INPUT 1 "enable";
    .port_info 1 /INPUT 2 "sel";
    .port_info 2 /OUTPUT 4 "data";
v0x11de076e0_0 .var "data", 3 0;
v0x11de1dac0_0 .net "enable", 0 0, v0x11de1dd20_0;  1 drivers
v0x11de1db60_0 .net "sel", 1 0, v0x11de1de80_0;  1 drivers
E_0x11de0a070 .event anyedge, v0x11de1dac0_0, v0x11de1db60_0;
    .scope S_0x11de07570;
T_0 ;
    %wait E_0x11de0a070;
    %load/vec4 v0x11de1dac0_0;
    %flag_set/vec4 8;
    %jmp/0xz  T_0.0, 8;
    %pushi/vec4 15, 0, 4;
    %store/vec4 v0x11de076e0_0, 0, 4;
    %jmp T_0.1;
T_0.0 ;
    %load/vec4 v0x11de1db60_0;
    %dup/vec4;
    %pushi/vec4 0, 0, 2;
    %cmp/u;
    %jmp/1 T_0.2, 6;
    %dup/vec4;
    %pushi/vec4 1, 0, 2;
    %cmp/u;
    %jmp/1 T_0.3, 6;
    %dup/vec4;
    %pushi/vec4 2, 0, 2;
    %cmp/u;
    %jmp/1 T_0.4, 6;
    %dup/vec4;
    %pushi/vec4 3, 0, 2;
    %cmp/u;
    %jmp/1 T_0.5, 6;
    %pushi/vec4 15, 0, 4;
    %store/vec4 v0x11de076e0_0, 0, 4;
    %jmp T_0.7;
T_0.2 ;
    %pushi/vec4 14, 0, 4;
    %store/vec4 v0x11de076e0_0, 0, 4;
    %jmp T_0.7;
T_0.3 ;
    %pushi/vec4 13, 0, 4;
    %store/vec4 v0x11de076e0_0, 0, 4;
    %jmp T_0.7;
T_0.4 ;
    %pushi/vec4 11, 0, 4;
    %store/vec4 v0x11de076e0_0, 0, 4;
    %jmp T_0.7;
T_0.5 ;
    %pushi/vec4 7, 0, 4;
    %store/vec4 v0x11de076e0_0, 0, 4;
    %jmp T_0.7;
T_0.7 ;
    %pop/vec4 1;
T_0.1 ;
    %jmp T_0;
    .thread T_0, $push;
    .scope S_0x11de093f0;
T_1 ;
    %vpi_call 2 36 "$display", "en sel | data" {0 0 0};
    %vpi_call 2 37 "$monitor", "%b  %b  | %b  ", v0x11de1dd20_0, v0x11de1de80_0, v0x11de1dc70_0 {0 0 0};
    %pushi/vec4 0, 0, 3;
    %split/vec4 2;
    %store/vec4 v0x11de1de80_0, 0, 2;
    %store/vec4 v0x11de1dd20_0, 0, 1;
    %pushi/vec4 0, 0, 32;
    %store/vec4 v0x11de1ddd0_0, 0, 32;
T_1.0 ;
    %load/vec4 v0x11de1ddd0_0;
    %cmpi/s 4, 0, 32;
    %jmp/0xz T_1.1, 5;
    %delay 20, 0;
    %load/vec4 v0x11de1ddd0_0;
    %pad/s 2;
    %store/vec4 v0x11de1de80_0, 0, 2;
    %load/vec4 v0x11de1ddd0_0;
    %addi 1, 0, 32;
    %store/vec4 v0x11de1ddd0_0, 0, 32;
    %jmp T_1.0;
T_1.1 ;
    %end;
    .thread T_1;
# The file index is used to find the file name in the following table.
:file_names 3;
    "N/A";
    "<interactive>";
    "dec_2_4.v";
