#! /opt/homebrew/Cellar/icarus-verilog/12.0/bin/vvp
:ivl_version "12.0 (stable)";
:ivl_delay_selection "TYPICAL";
:vpi_time_precision + 0;
:vpi_module "/opt/homebrew/Cellar/icarus-verilog/12.0/lib/ivl/system.vpi";
:vpi_module "/opt/homebrew/Cellar/icarus-verilog/12.0/lib/ivl/vhdl_sys.vpi";
:vpi_module "/opt/homebrew/Cellar/icarus-verilog/12.0/lib/ivl/vhdl_textio.vpi";
:vpi_module "/opt/homebrew/Cellar/icarus-verilog/12.0/lib/ivl/v2005_math.vpi";
:vpi_module "/opt/homebrew/Cellar/icarus-verilog/12.0/lib/ivl/va_math.vpi";
S_0x13f809aa0 .scope module, "testbench" "testbench" 2 49;
 .timescale 0 0;
P_0x13f810d10 .param/l "CLK_COUNT" 1 2 71, +C4<00000000000000000000000001100100>;
P_0x13f810d50 .param/l "CLK_PERIOD" 1 2 71, +C4<00000000000000000000000001100100>;
P_0x13f810d90 .param/l "RST_PULSE" 1 2 71, +C4<00000000000000000000000000011001>;
v0x13f8231a0_0 .var "clk", 0 0;
v0x13f823280_0 .var "counter", 7 0;
v0x13f823310_0 .net "data", 7 0, v0x13f822e80_0;  1 drivers
v0x13f8233e0_0 .var "rst_b", 0 0;
v0x13f8234b0_0 .net "sum", 7 0, v0x13f822730_0;  1 drivers
v0x13f823580_0 .net "val", 0 0, v0x13f823090_0;  1 drivers
E_0x13f809ed0 .event posedge, v0x13f809c10_0;
S_0x13f8074b0 .scope module, "cons_cut" "cons" 2 62, 2 1 0, S_0x13f809aa0;
 .timescale 0 0;
    .port_info 0 /INPUT 1 "clk";
    .port_info 1 /INPUT 1 "rst_b";
    .port_info 2 /INPUT 1 "val";
    .port_info 3 /INPUT 8 "data";
    .port_info 4 /OUTPUT 8 "sum";
v0x13f809c10_0 .net "clk", 0 0, v0x13f8231a0_0;  1 drivers
v0x13f822540_0 .net "data", 7 0, v0x13f822e80_0;  alias, 1 drivers
v0x13f8225e0_0 .var "prev_data", 7 0;
v0x13f822690_0 .net "rst_b", 0 0, v0x13f8233e0_0;  1 drivers
v0x13f822730_0 .var "sum", 7 0;
v0x13f822820_0 .net "val", 0 0, v0x13f823090_0;  alias, 1 drivers
E_0x13f80b0b0/0 .event negedge, v0x13f822690_0;
E_0x13f80b0b0/1 .event posedge, v0x13f809c10_0;
E_0x13f80b0b0 .event/or E_0x13f80b0b0/0, E_0x13f80b0b0/1;
S_0x13f822940 .scope module, "prod_cut" "prod" 2 55, 2 25 0, S_0x13f809aa0;
 .timescale 0 0;
    .port_info 0 /INPUT 1 "clk";
    .port_info 1 /INPUT 1 "rst_b";
    .port_info 2 /OUTPUT 8 "data";
    .port_info 3 /OUTPUT 1 "val";
v0x13f822dc0_0 .net "clk", 0 0, v0x13f8231a0_0;  alias, 1 drivers
v0x13f822e80_0 .var "data", 7 0;
v0x13f822f30_0 .net "rst_b", 0 0, v0x13f8233e0_0;  alias, 1 drivers
v0x13f823000_0 .var "temp_data", 7 0;
v0x13f823090_0 .var "val", 0 0;
S_0x13f822b60 .scope task, "generate_rand" "generate_rand" 2 33, 2 33 0, S_0x13f822940;
 .timescale 0 0;
v0x13f822d20_0 .var "x", 7 0;
TD_testbench.prod_cut.generate_rand ;
    %vpi_func 2 34 "$urandom" 32 {0 0 0};
    %pushi/vec4 6, 0, 32;
    %mod;
    %pad/u 8;
    %store/vec4 v0x13f822d20_0, 0, 8;
    %end;
    .scope S_0x13f822940;
T_1 ;
    %wait E_0x13f80b0b0;
    %load/vec4 v0x13f822f30_0;
    %inv;
    %flag_set/vec4 8;
    %jmp/0xz  T_1.0, 8;
    %pushi/vec4 0, 0, 1;
    %assign/vec4 v0x13f823090_0, 0;
    %jmp T_1.1;
T_1.0 ;
    %fork TD_testbench.prod_cut.generate_rand, S_0x13f822b60;
    %join;
    %load/vec4 v0x13f822d20_0;
    %store/vec4 v0x13f823000_0, 0, 8;
    %load/vec4 v0x13f823000_0;
    %assign/vec4 v0x13f822e80_0, 0;
    %pushi/vec4 1, 0, 1;
    %assign/vec4 v0x13f823090_0, 0;
T_1.1 ;
    %jmp T_1;
    .thread T_1;
    .scope S_0x13f8074b0;
T_2 ;
    %wait E_0x13f80b0b0;
    %load/vec4 v0x13f822690_0;
    %inv;
    %flag_set/vec4 8;
    %jmp/0xz  T_2.0, 8;
    %pushi/vec4 0, 0, 8;
    %assign/vec4 v0x13f822730_0, 0;
    %pushi/vec4 0, 0, 8;
    %assign/vec4 v0x13f8225e0_0, 0;
    %jmp T_2.1;
T_2.0 ;
    %load/vec4 v0x13f822820_0;
    %flag_set/vec4 8;
    %jmp/0xz  T_2.2, 8;
    %load/vec4 v0x13f8225e0_0;
    %load/vec4 v0x13f822540_0;
    %cmp/u;
    %jmp/0xz  T_2.4, 5;
    %load/vec4 v0x13f822730_0;
    %load/vec4 v0x13f822540_0;
    %add;
    %assign/vec4 v0x13f822730_0, 0;
    %jmp T_2.5;
T_2.4 ;
    %load/vec4 v0x13f822540_0;
    %assign/vec4 v0x13f822730_0, 0;
T_2.5 ;
    %load/vec4 v0x13f822540_0;
    %assign/vec4 v0x13f8225e0_0, 0;
T_2.2 ;
T_2.1 ;
    %jmp T_2;
    .thread T_2;
    .scope S_0x13f809aa0;
T_3 ;
    %pushi/vec4 0, 0, 8;
    %store/vec4 v0x13f823280_0, 0, 8;
    %end;
    .thread T_3;
    .scope S_0x13f809aa0;
T_4 ;
    %pushi/vec4 0, 0, 1;
    %store/vec4 v0x13f8231a0_0, 0, 1;
    %pushi/vec4 200, 0, 32;
T_4.0 %dup/vec4;
    %pushi/vec4 0, 0, 32;
    %cmp/s;
    %jmp/1xz T_4.1, 5;
    %jmp/1 T_4.1, 4;
    %pushi/vec4 1, 0, 32;
    %sub;
    %delay 50, 0;
    %load/vec4 v0x13f8231a0_0;
    %inv;
    %store/vec4 v0x13f8231a0_0, 0, 1;
    %jmp T_4.0;
T_4.1 ;
    %pop/vec4 1;
    %end;
    .thread T_4;
    .scope S_0x13f809aa0;
T_5 ;
    %pushi/vec4 0, 0, 1;
    %store/vec4 v0x13f8233e0_0, 0, 1;
    %delay 25, 0;
    %pushi/vec4 1, 0, 1;
    %store/vec4 v0x13f8233e0_0, 0, 1;
    %end;
    .thread T_5;
    .scope S_0x13f809aa0;
T_6 ;
    %wait E_0x13f809ed0;
    %load/vec4 v0x13f823280_0;
    %addi 1, 0, 8;
    %assign/vec4 v0x13f823280_0, 0;
    %jmp T_6;
    .thread T_6;
    .scope S_0x13f809aa0;
T_7 ;
    %vpi_call 2 94 "$display", "CNT | VAL | DATA | SUM" {0 0 0};
    %vpi_call 2 95 "$monitor", "%d | %d | %d | %d ", v0x13f823280_0, v0x13f823580_0, v0x13f823310_0, v0x13f8234b0_0 {0 0 0};
    %end;
    .thread T_7;
# The file index is used to find the file name in the following table.
:file_names 3;
    "N/A";
    "<interactive>";
    "cons.v";
