#! /opt/homebrew/Cellar/icarus-verilog/12.0/bin/vvp
:ivl_version "12.0 (stable)";
:ivl_delay_selection "TYPICAL";
:vpi_time_precision + 0;
:vpi_module "/opt/homebrew/Cellar/icarus-verilog/12.0/lib/ivl/system.vpi";
:vpi_module "/opt/homebrew/Cellar/icarus-verilog/12.0/lib/ivl/vhdl_sys.vpi";
:vpi_module "/opt/homebrew/Cellar/icarus-verilog/12.0/lib/ivl/vhdl_textio.vpi";
:vpi_module "/opt/homebrew/Cellar/icarus-verilog/12.0/lib/ivl/v2005_math.vpi";
:vpi_module "/opt/homebrew/Cellar/icarus-verilog/12.0/lib/ivl/va_math.vpi";
S_0x133f04190 .scope module, "testbench" "testbench" 2 49;
 .timescale 0 0;
P_0x60000083c000 .param/l "CLK_COUNT" 1 2 71, +C4<00000000000000000000000001100100>;
P_0x60000083c040 .param/l "CLK_PERIOD" 1 2 71, +C4<00000000000000000000000001100100>;
P_0x60000083c080 .param/l "RST_PULSE" 1 2 71, +C4<00000000000000000000000000011001>;
v0x600000f386c0_0 .var "clk", 0 0;
v0x600000f38750_0 .var "counter", 7 0;
v0x600000f387e0_0 .net "data", 7 0, v0x600000f38480_0;  1 drivers
v0x600000f38870_0 .var "rst_b", 0 0;
v0x600000f38900_0 .net "sum", 7 0, v0x600000f38240_0;  1 drivers
v0x600000f38990_0 .net "val", 0 0, v0x600000f38630_0;  1 drivers
E_0x6000028292c0 .event posedge, v0x600000f38000_0;
S_0x133f04950 .scope module, "cons_cut" "cons" 2 62, 2 1 0, S_0x133f04190;
 .timescale 0 0;
    .port_info 0 /INPUT 1 "clk";
    .port_info 1 /INPUT 1 "rst_b";
    .port_info 2 /INPUT 1 "val";
    .port_info 3 /INPUT 8 "data";
    .port_info 4 /OUTPUT 8 "sum";
v0x600000f38000_0 .net "clk", 0 0, v0x600000f386c0_0;  1 drivers
v0x600000f38090_0 .net "data", 7 0, v0x600000f38480_0;  alias, 1 drivers
v0x600000f38120_0 .var "prev_data", 7 0;
v0x600000f381b0_0 .net "rst_b", 0 0, v0x600000f38870_0;  1 drivers
v0x600000f38240_0 .var "sum", 7 0;
v0x600000f382d0_0 .net "val", 0 0, v0x600000f38630_0;  alias, 1 drivers
E_0x600002829300/0 .event negedge, v0x600000f381b0_0;
E_0x600002829300/1 .event posedge, v0x600000f38000_0;
E_0x600002829300 .event/or E_0x600002829300/0, E_0x600002829300/1;
S_0x133f04ac0 .scope module, "prod_cut" "prod" 2 55, 2 25 0, S_0x133f04190;
 .timescale 0 0;
    .port_info 0 /INPUT 1 "clk";
    .port_info 1 /INPUT 1 "rst_b";
    .port_info 2 /OUTPUT 8 "data";
    .port_info 3 /OUTPUT 1 "val";
v0x600000f383f0_0 .net "clk", 0 0, v0x600000f386c0_0;  alias, 1 drivers
v0x600000f38480_0 .var "data", 7 0;
v0x600000f38510_0 .net "rst_b", 0 0, v0x600000f38870_0;  alias, 1 drivers
v0x600000f385a0_0 .var "temp_data", 7 0;
v0x600000f38630_0 .var "val", 0 0;
S_0x133f04c30 .scope task, "generate_rand" "generate_rand" 2 33, 2 33 0, S_0x133f04ac0;
 .timescale 0 0;
v0x600000f38360_0 .var "x", 7 0;
TD_testbench.prod_cut.generate_rand ;
    %vpi_func 2 34 "$urandom" 32 {0 0 0};
    %pushi/vec4 6, 0, 32;
    %mod;
    %pad/u 8;
    %store/vec4 v0x600000f38360_0, 0, 8;
    %end;
    .scope S_0x133f04ac0;
T_1 ;
    %wait E_0x600002829300;
    %load/vec4 v0x600000f38510_0;
    %inv;
    %flag_set/vec4 8;
    %jmp/0xz  T_1.0, 8;
    %pushi/vec4 0, 0, 1;
    %assign/vec4 v0x600000f38630_0, 0;
    %jmp T_1.1;
T_1.0 ;
    %fork TD_testbench.prod_cut.generate_rand, S_0x133f04c30;
    %join;
    %load/vec4 v0x600000f38360_0;
    %store/vec4 v0x600000f385a0_0, 0, 8;
    %load/vec4 v0x600000f385a0_0;
    %assign/vec4 v0x600000f38480_0, 0;
    %pushi/vec4 1, 0, 1;
    %assign/vec4 v0x600000f38630_0, 0;
T_1.1 ;
    %jmp T_1;
    .thread T_1;
    .scope S_0x133f04950;
T_2 ;
    %wait E_0x600002829300;
    %load/vec4 v0x600000f381b0_0;
    %inv;
    %flag_set/vec4 8;
    %jmp/0xz  T_2.0, 8;
    %pushi/vec4 0, 0, 8;
    %assign/vec4 v0x600000f38240_0, 0;
    %pushi/vec4 0, 0, 8;
    %assign/vec4 v0x600000f38120_0, 0;
    %jmp T_2.1;
T_2.0 ;
    %load/vec4 v0x600000f382d0_0;
    %flag_set/vec4 8;
    %jmp/0xz  T_2.2, 8;
    %load/vec4 v0x600000f38120_0;
    %load/vec4 v0x600000f38090_0;
    %cmp/u;
    %jmp/0xz  T_2.4, 5;
    %load/vec4 v0x600000f38240_0;
    %load/vec4 v0x600000f38090_0;
    %add;
    %assign/vec4 v0x600000f38240_0, 0;
    %jmp T_2.5;
T_2.4 ;
    %load/vec4 v0x600000f38090_0;
    %assign/vec4 v0x600000f38240_0, 0;
T_2.5 ;
    %load/vec4 v0x600000f38090_0;
    %assign/vec4 v0x600000f38120_0, 0;
T_2.2 ;
T_2.1 ;
    %jmp T_2;
    .thread T_2;
    .scope S_0x133f04190;
T_3 ;
    %pushi/vec4 0, 0, 8;
    %store/vec4 v0x600000f38750_0, 0, 8;
    %end;
    .thread T_3;
    .scope S_0x133f04190;
T_4 ;
    %pushi/vec4 0, 0, 1;
    %store/vec4 v0x600000f386c0_0, 0, 1;
    %pushi/vec4 200, 0, 32;
T_4.0 %dup/vec4;
    %pushi/vec4 0, 0, 32;
    %cmp/s;
    %jmp/1xz T_4.1, 5;
    %jmp/1 T_4.1, 4;
    %pushi/vec4 1, 0, 32;
    %sub;
    %delay 50, 0;
    %load/vec4 v0x600000f386c0_0;
    %inv;
    %store/vec4 v0x600000f386c0_0, 0, 1;
    %jmp T_4.0;
T_4.1 ;
    %pop/vec4 1;
    %end;
    .thread T_4;
    .scope S_0x133f04190;
T_5 ;
    %pushi/vec4 0, 0, 1;
    %store/vec4 v0x600000f38870_0, 0, 1;
    %delay 25, 0;
    %pushi/vec4 1, 0, 1;
    %store/vec4 v0x600000f38870_0, 0, 1;
    %end;
    .thread T_5;
    .scope S_0x133f04190;
T_6 ;
    %wait E_0x6000028292c0;
    %load/vec4 v0x600000f38750_0;
    %addi 1, 0, 8;
    %assign/vec4 v0x600000f38750_0, 0;
    %jmp T_6;
    .thread T_6;
    .scope S_0x133f04190;
T_7 ;
    %vpi_call 2 94 "$display", "CNT | VAL | DATA | SUM" {0 0 0};
    %vpi_call 2 95 "$monitor", "%d | %d | %d | %d ", v0x600000f38750_0, v0x600000f38990_0, v0x600000f387e0_0, v0x600000f38900_0 {0 0 0};
    %end;
    .thread T_7;
# The file index is used to find the file name in the following table.
:file_names 3;
    "N/A";
    "<interactive>";
    "cons.v";
