#! /opt/homebrew/Cellar/icarus-verilog/12.0/bin/vvp
:ivl_version "12.0 (stable)";
:ivl_delay_selection "TYPICAL";
:vpi_time_precision + 0;
:vpi_module "/opt/homebrew/Cellar/icarus-verilog/12.0/lib/ivl/system.vpi";
:vpi_module "/opt/homebrew/Cellar/icarus-verilog/12.0/lib/ivl/vhdl_sys.vpi";
:vpi_module "/opt/homebrew/Cellar/icarus-verilog/12.0/lib/ivl/vhdl_textio.vpi";
:vpi_module "/opt/homebrew/Cellar/icarus-verilog/12.0/lib/ivl/v2005_math.vpi";
:vpi_module "/opt/homebrew/Cellar/icarus-verilog/12.0/lib/ivl/va_math.vpi";
S_0x13f6040a0 .scope module, "cmp4b_tb" "cmp4b_tb" 2 55;
 .timescale 0 0;
v0x13f616ec0_0 .var "a", 3 0;
v0x13f616f50_0 .var "b", 3 0;
v0x13f616fe0_0 .net "equal", 0 0, L_0x13f617b40;  1 drivers
v0x13f617070_0 .net "greater", 0 0, L_0x13f618930;  1 drivers
v0x13f617120_0 .var/i "i", 31 0;
v0x13f6171f0_0 .net "less", 0 0, L_0x13f6196d0;  1 drivers
S_0x13f604220 .scope module, "cmp4b" "cmp4b" 2 60, 2 21 0, S_0x13f6040a0;
 .timescale 0 0;
    .port_info 0 /INPUT 4 "a";
    .port_info 1 /INPUT 4 "b";
    .port_info 2 /OUTPUT 1 "equal";
    .port_info 3 /OUTPUT 1 "greater";
    .port_info 4 /OUTPUT 1 "less";
L_0x13f617b40 .functor AND 1, L_0x13f617950, L_0x13f617a50, C4<1>, C4<1>;
L_0x13f617e50 .functor AND 1, L_0x13f617c30, L_0x13f617d50, C4<1>, C4<1>;
L_0x13f6180b0 .functor AND 1, L_0x13f617f00, L_0x13f617fa0, C4<1>, C4<1>;
L_0x13f6181a0 .functor OR 1, L_0x13f617e50, L_0x13f6180b0, C4<0>, C4<0>;
L_0x13f618040 .functor AND 1, L_0x13f618290, L_0x13f6183b0, C4<1>, C4<1>;
L_0x13f6185a0 .functor OR 1, L_0x13f6181a0, L_0x13f618040, C4<0>, C4<0>;
L_0x13f618860 .functor AND 1, L_0x13f618690, L_0x13f618730, C4<1>, C4<1>;
L_0x13f618930 .functor OR 1, L_0x13f6185a0, L_0x13f618860, C4<0>, C4<0>;
L_0x13f618c40 .functor AND 1, L_0x13f618a60, L_0x13f618b00, C4<1>, C4<1>;
L_0x13f618f70 .functor AND 1, L_0x13f618d00, L_0x13f618e20, C4<1>, C4<1>;
L_0x13f618fe0 .functor OR 1, L_0x13f618c40, L_0x13f618f70, C4<0>, C4<0>;
L_0x13f6192f0 .functor AND 1, L_0x13f6190f0, L_0x13f619190, C4<1>, C4<1>;
L_0x13f618f00 .functor OR 1, L_0x13f618fe0, L_0x13f6192f0, C4<0>, C4<0>;
L_0x13f619660 .functor AND 1, L_0x13f619450, L_0x13f6194f0, C4<1>, C4<1>;
L_0x13f6196d0 .functor OR 1, L_0x13f618f00, L_0x13f619660, C4<0>, C4<0>;
v0x13f615220_0 .net *"_ivl_24", 0 0, L_0x13f617950;  1 drivers
v0x13f6152c0_0 .net *"_ivl_26", 0 0, L_0x13f617a50;  1 drivers
v0x13f615360_0 .net *"_ivl_30", 0 0, L_0x13f617c30;  1 drivers
v0x13f615400_0 .net *"_ivl_32", 0 0, L_0x13f617d50;  1 drivers
v0x13f6154b0_0 .net *"_ivl_33", 0 0, L_0x13f617e50;  1 drivers
v0x13f6155a0_0 .net *"_ivl_36", 0 0, L_0x13f617f00;  1 drivers
v0x13f615650_0 .net *"_ivl_38", 0 0, L_0x13f617fa0;  1 drivers
v0x13f615700_0 .net *"_ivl_39", 0 0, L_0x13f6180b0;  1 drivers
v0x13f6157b0_0 .net *"_ivl_41", 0 0, L_0x13f6181a0;  1 drivers
v0x13f6158c0_0 .net *"_ivl_44", 0 0, L_0x13f618290;  1 drivers
v0x13f615970_0 .net *"_ivl_46", 0 0, L_0x13f6183b0;  1 drivers
v0x13f615a20_0 .net *"_ivl_47", 0 0, L_0x13f618040;  1 drivers
v0x13f615ad0_0 .net *"_ivl_49", 0 0, L_0x13f6185a0;  1 drivers
v0x13f615b80_0 .net *"_ivl_52", 0 0, L_0x13f618690;  1 drivers
v0x13f615c30_0 .net *"_ivl_54", 0 0, L_0x13f618730;  1 drivers
v0x13f615ce0_0 .net *"_ivl_55", 0 0, L_0x13f618860;  1 drivers
v0x13f615d90_0 .net *"_ivl_60", 0 0, L_0x13f618a60;  1 drivers
v0x13f615f20_0 .net *"_ivl_62", 0 0, L_0x13f618b00;  1 drivers
v0x13f615fb0_0 .net *"_ivl_63", 0 0, L_0x13f618c40;  1 drivers
v0x13f616060_0 .net *"_ivl_66", 0 0, L_0x13f618d00;  1 drivers
v0x13f616110_0 .net *"_ivl_68", 0 0, L_0x13f618e20;  1 drivers
v0x13f6161c0_0 .net *"_ivl_69", 0 0, L_0x13f618f70;  1 drivers
v0x13f616270_0 .net *"_ivl_71", 0 0, L_0x13f618fe0;  1 drivers
v0x13f616320_0 .net *"_ivl_74", 0 0, L_0x13f6190f0;  1 drivers
v0x13f6163d0_0 .net *"_ivl_76", 0 0, L_0x13f619190;  1 drivers
v0x13f616480_0 .net *"_ivl_77", 0 0, L_0x13f6192f0;  1 drivers
v0x13f616530_0 .net *"_ivl_79", 0 0, L_0x13f618f00;  1 drivers
v0x13f6165e0_0 .net *"_ivl_82", 0 0, L_0x13f619450;  1 drivers
v0x13f616690_0 .net *"_ivl_84", 0 0, L_0x13f6194f0;  1 drivers
v0x13f616740_0 .net *"_ivl_85", 0 0, L_0x13f619660;  1 drivers
v0x13f6167f0_0 .net "a", 3 0, v0x13f616ec0_0;  1 drivers
v0x13f6168a0_0 .net "b", 3 0, v0x13f616f50_0;  1 drivers
v0x13f616950_0 .net "eq", 1 0, L_0x13f6175e0;  1 drivers
v0x13f615e40_0 .net "equal", 0 0, L_0x13f617b40;  alias, 1 drivers
v0x13f616be0_0 .net "gr", 1 0, L_0x13f617730;  1 drivers
v0x13f616c70_0 .net "greater", 0 0, L_0x13f618930;  alias, 1 drivers
v0x13f616d00_0 .net "less", 0 0, L_0x13f6196d0;  alias, 1 drivers
v0x13f616d90_0 .net "ls", 1 0, L_0x13f617810;  1 drivers
L_0x13f617280 .part v0x13f616ec0_0, 2, 2;
L_0x13f617380 .part v0x13f616f50_0, 2, 2;
L_0x13f617460 .part v0x13f616ec0_0, 0, 2;
L_0x13f617520 .part v0x13f616f50_0, 0, 2;
L_0x13f6175e0 .concat8 [ 1 1 0 0], v0x13f6148e0_0, v0x13f614f70_0;
L_0x13f617730 .concat8 [ 1 1 0 0], v0x13f614990_0, v0x13f615020_0;
L_0x13f617810 .concat8 [ 1 1 0 0], v0x13f614a20_0, v0x13f6150c0_0;
L_0x13f617950 .part L_0x13f6175e0, 1, 1;
L_0x13f617a50 .part L_0x13f6175e0, 0, 1;
L_0x13f617c30 .part L_0x13f6175e0, 1, 1;
L_0x13f617d50 .part L_0x13f617730, 0, 1;
L_0x13f617f00 .part L_0x13f617730, 1, 1;
L_0x13f617fa0 .part L_0x13f6175e0, 0, 1;
L_0x13f618290 .part L_0x13f617730, 1, 1;
L_0x13f6183b0 .part L_0x13f617810, 0, 1;
L_0x13f618690 .part L_0x13f617730, 1, 1;
L_0x13f618730 .part L_0x13f617730, 0, 1;
L_0x13f618a60 .part L_0x13f6175e0, 1, 1;
L_0x13f618b00 .part L_0x13f617810, 0, 1;
L_0x13f618d00 .part L_0x13f617810, 1, 1;
L_0x13f618e20 .part L_0x13f6175e0, 0, 1;
L_0x13f6190f0 .part L_0x13f617810, 1, 1;
L_0x13f619190 .part L_0x13f617730, 0, 1;
L_0x13f619450 .part L_0x13f617810, 1, 1;
L_0x13f6194f0 .part L_0x13f617810, 0, 1;
S_0x13f6044a0 .scope module, "cmp2b_back" "cmp2b" 2 39, 2 1 0, S_0x13f604220;
 .timescale 0 0;
    .port_info 0 /INPUT 2 "a";
    .port_info 1 /INPUT 2 "b";
    .port_info 2 /OUTPUT 1 "equal";
    .port_info 3 /OUTPUT 1 "greater";
    .port_info 4 /OUTPUT 1 "less";
v0x13f604780_0 .net "a", 1 0, L_0x13f617460;  1 drivers
v0x13f614840_0 .net "b", 1 0, L_0x13f617520;  1 drivers
v0x13f6148e0_0 .var "equal", 0 0;
v0x13f614990_0 .var "greater", 0 0;
v0x13f614a20_0 .var "less", 0 0;
E_0x13f604720 .event anyedge, v0x13f604780_0, v0x13f614840_0;
S_0x13f614b80 .scope module, "cmp2b_front" "cmp2b" 2 31, 2 1 0, S_0x13f604220;
 .timescale 0 0;
    .port_info 0 /INPUT 2 "a";
    .port_info 1 /INPUT 2 "b";
    .port_info 2 /OUTPUT 1 "equal";
    .port_info 3 /OUTPUT 1 "greater";
    .port_info 4 /OUTPUT 1 "less";
v0x13f614e00_0 .net "a", 1 0, L_0x13f617280;  1 drivers
v0x13f614ec0_0 .net "b", 1 0, L_0x13f617380;  1 drivers
v0x13f614f70_0 .var "equal", 0 0;
v0x13f615020_0 .var "greater", 0 0;
v0x13f6150c0_0 .var "less", 0 0;
E_0x13f614dc0 .event anyedge, v0x13f614e00_0, v0x13f614ec0_0;
    .scope S_0x13f614b80;
T_0 ;
    %wait E_0x13f614dc0;
    %pushi/vec4 0, 0, 1;
    %store/vec4 v0x13f614f70_0, 0, 1;
    %pushi/vec4 0, 0, 1;
    %store/vec4 v0x13f615020_0, 0, 1;
    %pushi/vec4 0, 0, 1;
    %store/vec4 v0x13f6150c0_0, 0, 1;
    %load/vec4 v0x13f614e00_0;
    %load/vec4 v0x13f614ec0_0;
    %cmp/e;
    %jmp/0xz  T_0.0, 4;
    %pushi/vec4 1, 0, 1;
    %store/vec4 v0x13f614f70_0, 0, 1;
    %jmp T_0.1;
T_0.0 ;
    %load/vec4 v0x13f614ec0_0;
    %load/vec4 v0x13f614e00_0;
    %cmp/u;
    %jmp/0xz  T_0.2, 5;
    %pushi/vec4 1, 0, 1;
    %store/vec4 v0x13f615020_0, 0, 1;
    %jmp T_0.3;
T_0.2 ;
    %pushi/vec4 1, 0, 1;
    %store/vec4 v0x13f6150c0_0, 0, 1;
T_0.3 ;
T_0.1 ;
    %jmp T_0;
    .thread T_0, $push;
    .scope S_0x13f6044a0;
T_1 ;
    %wait E_0x13f604720;
    %pushi/vec4 0, 0, 1;
    %store/vec4 v0x13f6148e0_0, 0, 1;
    %pushi/vec4 0, 0, 1;
    %store/vec4 v0x13f614990_0, 0, 1;
    %pushi/vec4 0, 0, 1;
    %store/vec4 v0x13f614a20_0, 0, 1;
    %load/vec4 v0x13f604780_0;
    %load/vec4 v0x13f614840_0;
    %cmp/e;
    %jmp/0xz  T_1.0, 4;
    %pushi/vec4 1, 0, 1;
    %store/vec4 v0x13f6148e0_0, 0, 1;
    %jmp T_1.1;
T_1.0 ;
    %load/vec4 v0x13f614840_0;
    %load/vec4 v0x13f604780_0;
    %cmp/u;
    %jmp/0xz  T_1.2, 5;
    %pushi/vec4 1, 0, 1;
    %store/vec4 v0x13f614990_0, 0, 1;
    %jmp T_1.3;
T_1.2 ;
    %pushi/vec4 1, 0, 1;
    %store/vec4 v0x13f614a20_0, 0, 1;
T_1.3 ;
T_1.1 ;
    %jmp T_1;
    .thread T_1, $push;
    .scope S_0x13f6040a0;
T_2 ;
    %vpi_call 2 72 "$display", "a    b    eq gr ls\012" {0 0 0};
    %vpi_call 2 73 "$monitor", "%b %b %b %b %b", v0x13f616ec0_0, v0x13f616f50_0, v0x13f616fe0_0, v0x13f617070_0, v0x13f6171f0_0 {0 0 0};
    %pushi/vec4 0, 0, 32;
    %store/vec4 v0x13f617120_0, 0, 32;
T_2.0 ;
    %load/vec4 v0x13f617120_0;
    %cmpi/s 256, 0, 32;
    %jmp/0xz T_2.1, 5;
    %load/vec4 v0x13f617120_0;
    %pad/s 8;
    %split/vec4 4;
    %store/vec4 v0x13f616f50_0, 0, 4;
    %store/vec4 v0x13f616ec0_0, 0, 4;
    %delay 5, 0;
    %load/vec4 v0x13f617120_0;
    %addi 1, 0, 32;
    %store/vec4 v0x13f617120_0, 0, 32;
    %jmp T_2.0;
T_2.1 ;
    %end;
    .thread T_2;
# The file index is used to find the file name in the following table.
:file_names 3;
    "N/A";
    "<interactive>";
    "cmp2b.v";
